Using pre-set license
Built from '2020.3/staging' branch; Version is '2020.3.8f1 (507919d4fff5) revision 5273881'; Using compiler version '192528614'; Build Type 'Release'
OS: 'Windows 10 Home; OS build 19042.1052; Version 2009; 64bit' Language: 'en' Physical Memory: 16226 MB
BatchMode: 1, IsHumanControllingUs: 0, StartBugReporterOnCrash: 0, Is64bit: 1, IsPro: 0

 COMMAND LINE ARGUMENTS:
E:\Editors\2020.3.8f1\Editor\Unity.exe
-adb2
-batchMode
-noUpm
-name
AssetImportWorker3
-projectPath
E:/GameDev/GravitationalWaveSurfer
-logFile
Logs/AssetImportWorker3.log
-srvPort
50273
Successfully changed project path to: E:/GameDev/GravitationalWaveSurfer
E:/GameDev/GravitationalWaveSurfer
Using Asset Import Pipeline V2.
Refreshing native plugins compatible for Editor in 25.69 ms, found 0 plugins.
Preloading 0 native plugins for Editor in 0.00 ms.
Initialize engine version: 2020.3.8f1 (507919d4fff5)
[Subsystems] Discovering subsystems at path E:/Editors/2020.3.8f1/Editor/Data/Resources/UnitySubsystems
[Subsystems] Discovering subsystems at path E:/GameDev/GravitationalWaveSurfer/Assets
GfxDevice: creating device client; threaded=0
Direct3D:
    Version:  Direct3D 11.0 [level 11.1]
    Renderer: NVIDIA GeForce MX150 (ID=0x1d12)
    Vendor:   
    VRAM:     1994 MB
    Driver:   23.21.13.8892
Initialize mono
Mono path[0] = 'E:/Editors/2020.3.8f1/Editor/Data/Managed'
Mono path[1] = 'E:/Editors/2020.3.8f1/Editor/Data/MonoBleedingEdge/lib/mono/unityjit'
Mono config path = 'E:/Editors/2020.3.8f1/Editor/Data/MonoBleedingEdge/etc'
Using monoOptions --debugger-agent=transport=dt_socket,embedding=1,server=y,suspend=n,address=127.0.0.1:56708
Begin MonoManager ReloadAssembly
Registering precompiled unity dll's ...
Register platform support module: E:/Editors/2020.3.8f1/Editor/Data/PlaybackEngines/WebGLSupport/UnityEditor.WebGL.Extensions.dll
Register platform support module: E:/Editors/2020.3.8f1/Editor/Data/PlaybackEngines/WindowsStandaloneSupport/UnityEditor.WindowsStandalone.Extensions.dll
Registered in 0.002083 seconds.
Native extension for WindowsStandalone target not found
Native extension for WebGL target not found
Refreshing native plugins compatible for Editor in 26.41 ms, found 0 plugins.
Preloading 0 native plugins for Editor in 0.00 ms.
Mono: successfully reloaded assembly
- Completed reload, in  2.680 seconds
Platform modules already initialized, skipping
Registering precompiled user dll's ...
Registered in 0.000826 seconds.
Begin MonoManager ReloadAssembly
Native extension for WindowsStandalone target not found
Native extension for WebGL target not found
Refreshing native plugins compatible for Editor in 0.24 ms, found 0 plugins.
Preloading 0 native plugins for Editor in 0.00 ms.
Mono: successfully reloaded assembly
- Completed reload, in  0.823 seconds
Platform modules already initialized, skipping
========================================================================
Worker process is ready to serve import requests
Launched and connected shader compiler UnityShaderCompiler.exe after 0.12 seconds
Refreshing native plugins compatible for Editor in 0.25 ms, found 0 plugins.
Preloading 0 native plugins for Editor in 0.00 ms.
Unloading 1187 Unused Serialized files (Serialized files now loaded: 0)
System memory in use before: 61.3 MB.
System memory in use after: 61.3 MB.

Unloading 9 unused Assets to reduce memory usage. Loaded Objects now: 1634.
Total: 1.713400 ms (FindLiveObjects: 0.118000 ms CreateObjectMapping: 0.027300 ms MarkObjects: 1.502200 ms  DeleteObjects: 0.064800 ms)

========================================================================
Received Import Request.
  path: Assets/Scripts/Stability.cs
  artifactKey: Guid(e5e9059c529705a4ab7ed0d78a2aa74a) Importer(815301076,1909f56bfc062723c751e8b465ee728b)
Start importing Assets/Scripts/Stability.cs using Guid(e5e9059c529705a4ab7ed0d78a2aa74a) Importer(815301076,1909f56bfc062723c751e8b465ee728b)  -> (artifact id: '4eff5c76bebac55f89bda26004b3b274') in 0.095005 seconds
  Import took 0.097130 seconds .

========================================================================
Received Prepare
Registering precompiled user dll's ...
Registered in 0.001234 seconds.
Begin MonoManager ReloadAssembly
Native extension for WindowsStandalone target not found
Native extension for WebGL target not found
Refreshing native plugins compatible for Editor in 0.22 ms, found 0 plugins.
Preloading 0 native plugins for Editor in 0.00 ms.
Mono: successfully reloaded assembly
- Completed reload, in  0.762 seconds
Platform modules already initialized, skipping
Refreshing native plugins compatible for Editor in 0.49 ms, found 0 plugins.
Preloading 0 native plugins for Editor in 0.00 ms.
Unloading 1169 Unused Serialized files (Serialized files now loaded: 0)
System memory in use before: 60.0 MB.
System memory in use after: 60.0 MB.

Unloading 5 unused Assets to reduce memory usage. Loaded Objects now: 1637.
Total: 1.969300 ms (FindLiveObjects: 0.164300 ms CreateObjectMapping: 0.036900 ms MarkObjects: 1.709500 ms  DeleteObjects: 0.057200 ms)

========================================================================
Received Import Request.
  Time since last request: 3778.855859 seconds.
  path: Assets/Noto_Sans/NotoSans-Bold.ttf
  artifactKey: Guid(5c16af700f5d8294da66fc2cec03bc86) Importer(815301076,1909f56bfc062723c751e8b465ee728b)
Start importing Assets/Noto_Sans/NotoSans-Bold.ttf using Guid(5c16af700f5d8294da66fc2cec03bc86) Importer(815301076,1909f56bfc062723c751e8b465ee728b)  -> (artifact id: 'd893b66e7c43fe022049b89652a1e072') in 0.165800 seconds
  Import took 0.170064 seconds .

========================================================================
Received Import Request.
  Time since last request: 0.000270 seconds.
  path: Assets/Noto_Sans/NotoSans-Italic.ttf
  artifactKey: Guid(c53f1eb8d77526b4eacd0c99cb2e538f) Importer(815301076,1909f56bfc062723c751e8b465ee728b)
Start importing Assets/Noto_Sans/NotoSans-Italic.ttf using Guid(c53f1eb8d77526b4eacd0c99cb2e538f) Importer(815301076,1909f56bfc062723c751e8b465ee728b)  -> (artifact id: 'c82beb2a5ebc80d198a1f429b1cedc19') in 0.032809 seconds
  Import took 0.042793 seconds .

========================================================================
Received Import Request.
  Time since last request: 0.000370 seconds.
  path: Assets/Noto_Sans/NotoSans-BoldItalic.ttf
  artifactKey: Guid(dbf36c8a6198a754fa9d2da5afef9f98) Importer(815301076,1909f56bfc062723c751e8b465ee728b)
Start importing Assets/Noto_Sans/NotoSans-BoldItalic.ttf using Guid(dbf36c8a6198a754fa9d2da5afef9f98) Importer(815301076,1909f56bfc062723c751e8b465ee728b)  -> (artifact id: 'a87659daa5bcb15bf00782e3a75897bb') in 0.021222 seconds
  Import took 0.024447 seconds .

========================================================================
Received Import Request.
  Time since last request: 0.000264 seconds.
  path: Assets/Noto_Sans/NotoSans-Regular.ttf
  artifactKey: Guid(0094e3e50e4daa9429180c0fb2f17bfd) Importer(815301076,1909f56bfc062723c751e8b465ee728b)
Start importing Assets/Noto_Sans/NotoSans-Regular.ttf using Guid(0094e3e50e4daa9429180c0fb2f17bfd) Importer(815301076,1909f56bfc062723c751e8b465ee728b)  -> (artifact id: '6497b18c6e6b90916aa8904d8a264a03') in 0.024944 seconds
  Import took 0.028449 seconds .

========================================================================
Received Import Request.
  Time since last request: 0.000251 seconds.
  path: Assets/Noto_Sans/NotoSans-BoldItalic.ttf
  artifactKey: Guid(dbf36c8a6198a754fa9d2da5afef9f98) Importer(815301076,1909f56bfc062723c751e8b465ee728b)
Start importing Assets/Noto_Sans/NotoSans-BoldItalic.ttf using Guid(dbf36c8a6198a754fa9d2da5afef9f98) Importer(815301076,1909f56bfc062723c751e8b465ee728b)  -> (artifact id: 'a87659daa5bcb15bf00782e3a75897bb') in 0.014167 seconds
  Import took 0.016600 seconds .

========================================================================
Received Import Request.
  Time since last request: 0.000250 seconds.
  path: Assets/Noto_Sans/NotoSans-Bold.ttf
  artifactKey: Guid(5c16af700f5d8294da66fc2cec03bc86) Importer(815301076,1909f56bfc062723c751e8b465ee728b)
Start importing Assets/Noto_Sans/NotoSans-Bold.ttf using Guid(5c16af700f5d8294da66fc2cec03bc86) Importer(815301076,1909f56bfc062723c751e8b465ee728b)  -> (artifact id: 'd893b66e7c43fe022049b89652a1e072') in 0.013692 seconds
  Import took 0.016300 seconds .

========================================================================
Received Import Request.
  Time since last request: 0.000767 seconds.
  path: Assets/Noto_Sans/NotoSans-Regular.ttf
  artifactKey: Guid(0094e3e50e4daa9429180c0fb2f17bfd) Importer(815301076,1909f56bfc062723c751e8b465ee728b)
Start importing Assets/Noto_Sans/NotoSans-Regular.ttf using Guid(0094e3e50e4daa9429180c0fb2f17bfd) Importer(815301076,1909f56bfc062723c751e8b465ee728b)  -> (artifact id: '6497b18c6e6b90916aa8904d8a264a03') in 0.015929 seconds
  Import took 0.018404 seconds .

========================================================================
Received Import Request.
  Time since last request: 436.528751 seconds.
  path: Assets/Fonts/Noto_Sans_SC/NotoSansSC-Black.otf
  artifactKey: Guid(0a0ed6309feb9df4c882c641e02e6857) Importer(815301076,1909f56bfc062723c751e8b465ee728b)
Start importing Assets/Fonts/Noto_Sans_SC/NotoSansSC-Black.otf using Guid(0a0ed6309feb9df4c882c641e02e6857) Importer(815301076,1909f56bfc062723c751e8b465ee728b)  -> (artifact id: '46167938a54c1831b313e0e9c42aeb00') in 0.052672 seconds
  Import took 0.057085 seconds .

========================================================================
Received Import Request.
  Time since last request: 0.000334 seconds.
  path: Assets/Fonts/Noto_Sans_SC/NotoSansSC-Bold.otf
  artifactKey: Guid(3d87f00ded5ff194aa9670b676dd749f) Importer(815301076,1909f56bfc062723c751e8b465ee728b)
Start importing Assets/Fonts/Noto_Sans_SC/NotoSansSC-Bold.otf using Guid(3d87f00ded5ff194aa9670b676dd749f) Importer(815301076,1909f56bfc062723c751e8b465ee728b)  -> (artifact id: '5b12de44fe68e5b0c27531b44cb28ff4') in 0.037732 seconds
  Import took 0.041249 seconds .

========================================================================
Received Import Request.
  Time since last request: 0.000288 seconds.
  path: Assets/Fonts/Noto_Sans_SC/NotoSansSC-Regular.otf
  artifactKey: Guid(c751cba38238c5749a7e27222be23747) Importer(815301076,1909f56bfc062723c751e8b465ee728b)
Start importing Assets/Fonts/Noto_Sans_SC/NotoSansSC-Regular.otf using Guid(c751cba38238c5749a7e27222be23747) Importer(815301076,1909f56bfc062723c751e8b465ee728b)  -> (artifact id: '54a820bf414d6415fb03059889f70655') in 0.031984 seconds
  Import took 0.044756 seconds .

========================================================================
Received Import Request.
  Time since last request: 0.000247 seconds.
  path: Assets/Fonts/Noto_Sans_SC/NotoSansSC-Light.otf
  artifactKey: Guid(c93bbf4fc9674e342adabb18e4715ebb) Importer(815301076,1909f56bfc062723c751e8b465ee728b)
Start importing Assets/Fonts/Noto_Sans_SC/NotoSansSC-Light.otf using Guid(c93bbf4fc9674e342adabb18e4715ebb) Importer(815301076,1909f56bfc062723c751e8b465ee728b)  -> (artifact id: 'ab9c6247ac17eb9f81abf2bacda43894') in 0.032342 seconds
  Import took 0.037566 seconds .

========================================================================
Received Import Request.
  Time since last request: 0.000194 seconds.
  path: Assets/Fonts/Noto_Sans_SC/NotoSansSC-Medium.otf
  artifactKey: Guid(517060c7fc1cd0d4184ce957cff17332) Importer(815301076,1909f56bfc062723c751e8b465ee728b)
Start importing Assets/Fonts/Noto_Sans_SC/NotoSansSC-Medium.otf using Guid(517060c7fc1cd0d4184ce957cff17332) Importer(815301076,1909f56bfc062723c751e8b465ee728b)  -> (artifact id: '838afc1d862e45b6f04aff9a4a6010c2') in 0.030738 seconds
  Import took 0.034357 seconds .

========================================================================
Received Import Request.
  Time since last request: 0.000236 seconds.
  path: Assets/Fonts/Noto_Sans_SC/NotoSansSC-Thin.otf
  artifactKey: Guid(febcdfba8c306fa4399971b41b2f9cc4) Importer(815301076,1909f56bfc062723c751e8b465ee728b)
Start importing Assets/Fonts/Noto_Sans_SC/NotoSansSC-Thin.otf using Guid(febcdfba8c306fa4399971b41b2f9cc4) Importer(815301076,1909f56bfc062723c751e8b465ee728b)  -> (artifact id: '3be5e02631715f390de151f2087d80b6') in 0.035729 seconds
  Import took 0.039645 seconds .

========================================================================
Received Import Request.
  Time since last request: 0.011428 seconds.
  path: Assets/Fonts/Noto_Sans_SC/NotoSansSC-Thin.otf
  artifactKey: Guid(febcdfba8c306fa4399971b41b2f9cc4) Importer(815301076,1909f56bfc062723c751e8b465ee728b)
Start importing Assets/Fonts/Noto_Sans_SC/NotoSansSC-Thin.otf using Guid(febcdfba8c306fa4399971b41b2f9cc4) Importer(815301076,1909f56bfc062723c751e8b465ee728b)  -> (artifact id: '3be5e02631715f390de151f2087d80b6') in 0.024395 seconds
  Import took 0.028513 seconds .

========================================================================
Received Prepare
Registering precompiled user dll's ...
Registered in 0.001409 seconds.
Begin MonoManager ReloadAssembly
Native extension for WindowsStandalone target not found
Native extension for WebGL target not found
Refreshing native plugins compatible for Editor in 0.39 ms, found 0 plugins.
Preloading 0 native plugins for Editor in 0.00 ms.
Mono: successfully reloaded assembly
- Completed reload, in  0.925 seconds
Platform modules already initialized, skipping
Refreshing native plugins compatible for Editor in 0.24 ms, found 0 plugins.
Preloading 0 native plugins for Editor in 0.00 ms.
Unloading 1169 Unused Serialized files (Serialized files now loaded: 0)
System memory in use before: 63.4 MB.
System memory in use after: 63.5 MB.

Unloading 5 unused Assets to reduce memory usage. Loaded Objects now: 1684.
Total: 1.951800 ms (FindLiveObjects: 0.173800 ms CreateObjectMapping: 0.037300 ms MarkObjects: 1.684100 ms  DeleteObjects: 0.055600 ms)

========================================================================
Received Prepare
Registering precompiled user dll's ...
Registered in 0.000851 seconds.
Begin MonoManager ReloadAssembly
Native extension for WindowsStandalone target not found
Native extension for WebGL target not found
Refreshing native plugins compatible for Editor in 0.27 ms, found 0 plugins.
Preloading 0 native plugins for Editor in 0.00 ms.
Mono: successfully reloaded assembly
- Completed reload, in  0.837 seconds
Platform modules already initialized, skipping
Refreshing native plugins compatible for Editor in 0.25 ms, found 0 plugins.
Preloading 0 native plugins for Editor in 0.00 ms.
Unloading 1169 Unused Serialized files (Serialized files now loaded: 0)
System memory in use before: 63.4 MB.
System memory in use after: 63.5 MB.

Unloading 5 unused Assets to reduce memory usage. Loaded Objects now: 1687.
Total: 3.168000 ms (FindLiveObjects: 0.181600 ms CreateObjectMapping: 0.085800 ms MarkObjects: 2.798200 ms  DeleteObjects: 0.100700 ms)

========================================================================
Received Prepare
Registering precompiled user dll's ...
Registered in 0.000948 seconds.
Begin MonoManager ReloadAssembly
Native extension for WindowsStandalone target not found
Native extension for WebGL target not found
Refreshing native plugins compatible for Editor in 0.40 ms, found 0 plugins.
Preloading 0 native plugins for Editor in 0.00 ms.
Mono: successfully reloaded assembly
- Completed reload, in  0.881 seconds
Platform modules already initialized, skipping
Refreshing native plugins compatible for Editor in 0.26 ms, found 0 plugins.
Preloading 0 native plugins for Editor in 0.00 ms.
Unloading 1169 Unused Serialized files (Serialized files now loaded: 0)
System memory in use before: 63.4 MB.
System memory in use after: 63.5 MB.

Unloading 5 unused Assets to reduce memory usage. Loaded Objects now: 1690.
Total: 1.868200 ms (FindLiveObjects: 0.177800 ms CreateObjectMapping: 0.038500 ms MarkObjects: 1.595500 ms  DeleteObjects: 0.055300 ms)

========================================================================
Received Prepare
Registering precompiled user dll's ...
Registered in 0.000913 seconds.
Begin MonoManager ReloadAssembly
Native extension for WindowsStandalone target not found
Native extension for WebGL target not found
Refreshing native plugins compatible for Editor in 0.23 ms, found 0 plugins.
Preloading 0 native plugins for Editor in 0.00 ms.
Mono: successfully reloaded assembly
- Completed reload, in  0.737 seconds
Platform modules already initialized, skipping
Refreshing native plugins compatible for Editor in 0.24 ms, found 0 plugins.
Preloading 0 native plugins for Editor in 0.00 ms.
Unloading 1169 Unused Serialized files (Serialized files now loaded: 0)
System memory in use before: 63.4 MB.
System memory in use after: 63.5 MB.

Unloading 5 unused Assets to reduce memory usage. Loaded Objects now: 1693.
Total: 1.761900 ms (FindLiveObjects: 0.168800 ms CreateObjectMapping: 0.038600 ms MarkObjects: 1.496400 ms  DeleteObjects: 0.057100 ms)

========================================================================
Received Prepare
Registering precompiled user dll's ...
Registered in 0.001099 seconds.
Begin MonoManager ReloadAssembly
Native extension for WindowsStandalone target not found
Native extension for WebGL target not found
Refreshing native plugins compatible for Editor in 0.25 ms, found 0 plugins.
Preloading 0 native plugins for Editor in 0.00 ms.
Mono: successfully reloaded assembly
- Completed reload, in  0.771 seconds
Platform modules already initialized, skipping
Refreshing native plugins compatible for Editor in 0.26 ms, found 0 plugins.
Preloading 0 native plugins for Editor in 0.00 ms.
Unloading 1169 Unused Serialized files (Serialized files now loaded: 0)
System memory in use before: 63.4 MB.
System memory in use after: 63.5 MB.

Unloading 5 unused Assets to reduce memory usage. Loaded Objects now: 1696.
Total: 1.852700 ms (FindLiveObjects: 0.137300 ms CreateObjectMapping: 0.037600 ms MarkObjects: 1.610400 ms  DeleteObjects: 0.066000 ms)

========================================================================
Received Prepare
Registering precompiled user dll's ...
Registered in 0.001239 seconds.
Begin MonoManager ReloadAssembly
Native extension for WindowsStandalone target not found
Native extension for WebGL target not found
Refreshing native plugins compatible for Editor in 0.22 ms, found 0 plugins.
Preloading 0 native plugins for Editor in 0.00 ms.
Mono: successfully reloaded assembly
- Completed reload, in  0.788 seconds
Platform modules already initialized, skipping
Refreshing native plugins compatible for Editor in 0.24 ms, found 0 plugins.
Preloading 0 native plugins for Editor in 0.00 ms.
Unloading 1169 Unused Serialized files (Serialized files now loaded: 0)
System memory in use before: 63.4 MB.
System memory in use after: 63.5 MB.

Unloading 5 unused Assets to reduce memory usage. Loaded Objects now: 1699.
Total: 1.602000 ms (FindLiveObjects: 0.125900 ms CreateObjectMapping: 0.030200 ms MarkObjects: 1.392700 ms  DeleteObjects: 0.052200 ms)

========================================================================
Received Prepare
Registering precompiled user dll's ...
Registered in 0.000796 seconds.
Begin MonoManager ReloadAssembly
Native extension for WindowsStandalone target not found
Native extension for WebGL target not found
Refreshing native plugins compatible for Editor in 0.24 ms, found 0 plugins.
Preloading 0 native plugins for Editor in 0.00 ms.
Mono: successfully reloaded assembly
- Completed reload, in  0.812 seconds
Platform modules already initialized, skipping
Refreshing native plugins compatible for Editor in 0.35 ms, found 0 plugins.
Preloading 0 native plugins for Editor in 0.00 ms.
Unloading 1169 Unused Serialized files (Serialized files now loaded: 0)
System memory in use before: 63.4 MB.
System memory in use after: 63.5 MB.

Unloading 5 unused Assets to reduce memory usage. Loaded Objects now: 1702.
Total: 3.683400 ms (FindLiveObjects: 0.264100 ms CreateObjectMapping: 0.064000 ms MarkObjects: 3.264500 ms  DeleteObjects: 0.088900 ms)

========================================================================
Received Prepare
Registering precompiled user dll's ...
Registered in 0.000915 seconds.
Begin MonoManager ReloadAssembly
Native extension for WindowsStandalone target not found
Native extension for WebGL target not found
Refreshing native plugins compatible for Editor in 0.25 ms, found 0 plugins.
Preloading 0 native plugins for Editor in 0.00 ms.
Mono: successfully reloaded assembly
- Completed reload, in  0.839 seconds
Platform modules already initialized, skipping
Refreshing native plugins compatible for Editor in 0.42 ms, found 0 plugins.
Preloading 0 native plugins for Editor in 0.00 ms.
Unloading 1169 Unused Serialized files (Serialized files now loaded: 0)
System memory in use before: 63.4 MB.
System memory in use after: 63.5 MB.

Unloading 5 unused Assets to reduce memory usage. Loaded Objects now: 1705.
Total: 2.829200 ms (FindLiveObjects: 0.222700 ms CreateObjectMapping: 0.058000 ms MarkObjects: 2.468100 ms  DeleteObjects: 0.078700 ms)

========================================================================
Received Prepare
Registering precompiled user dll's ...
Registered in 0.000926 seconds.
Begin MonoManager ReloadAssembly
Native extension for WindowsStandalone target not found
Native extension for WebGL target not found
Refreshing native plugins compatible for Editor in 0.30 ms, found 0 plugins.
Preloading 0 native plugins for Editor in 0.00 ms.
Mono: successfully reloaded assembly
- Completed reload, in  0.801 seconds
Platform modules already initialized, skipping
Refreshing native plugins compatible for Editor in 0.24 ms, found 0 plugins.
Preloading 0 native plugins for Editor in 0.00 ms.
Unloading 1169 Unused Serialized files (Serialized files now loaded: 0)
System memory in use before: 63.5 MB.
System memory in use after: 63.5 MB.

Unloading 5 unused Assets to reduce memory usage. Loaded Objects now: 1708.
Total: 1.856200 ms (FindLiveObjects: 0.151100 ms CreateObjectMapping: 0.028700 ms MarkObjects: 1.586600 ms  DeleteObjects: 0.088800 ms)

========================================================================
Received Import Request.
  Time since last request: 5915.607589 seconds.
  path: Assets/Prefabs/Main Canvas.prefab
  artifactKey: Guid(4ca4982a5b531264e888985a19ca5a8d) Importer(815301076,1909f56bfc062723c751e8b465ee728b)
Start importing Assets/Prefabs/Main Canvas.prefab using Guid(4ca4982a5b531264e888985a19ca5a8d) Importer(815301076,1909f56bfc062723c751e8b465ee728b)  -> (artifact id: '7710c71bc7411665af8b9c242405bb66') in 0.263812 seconds
  Import took 0.270187 seconds .

========================================================================
Received Import Request.
  Time since last request: 151.899438 seconds.
  path: Assets/Prefabs/Anti-Electron.prefab
  artifactKey: Guid(3ef957e2a5371e2419370d6d1fde8b6d) Importer(815301076,1909f56bfc062723c751e8b465ee728b)
Start importing Assets/Prefabs/Anti-Electron.prefab using Guid(3ef957e2a5371e2419370d6d1fde8b6d) Importer(815301076,1909f56bfc062723c751e8b465ee728b)  -> (artifact id: '665a36a1c029c2781e61fdd03b81bf3b') in 0.077116 seconds
  Import took 0.080786 seconds .

========================================================================
Received Import Request.
  Time since last request: 0.000304 seconds.
  path: Assets/Prefabs/Anti-Proton.prefab
  artifactKey: Guid(d930b1967d1f5424fb00dd4f1bf23b6c) Importer(815301076,1909f56bfc062723c751e8b465ee728b)
Start importing Assets/Prefabs/Anti-Proton.prefab using Guid(d930b1967d1f5424fb00dd4f1bf23b6c) Importer(815301076,1909f56bfc062723c751e8b465ee728b)  -> (artifact id: '620a02f7d49b4aaf004597311916c6b7') in 0.037183 seconds
  Import took 0.041165 seconds .

========================================================================
Received Import Request.
  Time since last request: 0.000398 seconds.
  path: Assets/Prefabs/Neutron.prefab
  artifactKey: Guid(769a453e77d9c5f4aafddc4bee775473) Importer(815301076,1909f56bfc062723c751e8b465ee728b)
Start importing Assets/Prefabs/Neutron.prefab using Guid(769a453e77d9c5f4aafddc4bee775473) Importer(815301076,1909f56bfc062723c751e8b465ee728b)  -> (artifact id: '97657cea1a7577a7aa1c7e2bdf019a85') in 0.042536 seconds
  Import took 0.046842 seconds .

========================================================================
Received Import Request.
  Time since last request: 0.000266 seconds.
  path: Assets/Prefabs/Anti-Neutron.prefab
  artifactKey: Guid(9b4e533dafcd6dc4eb507a2aa70a120b) Importer(815301076,1909f56bfc062723c751e8b465ee728b)
Start importing Assets/Prefabs/Anti-Neutron.prefab using Guid(9b4e533dafcd6dc4eb507a2aa70a120b) Importer(815301076,1909f56bfc062723c751e8b465ee728b)  -> (artifact id: '4845c7a556322e8bd8b18693e67679a9') in 0.032992 seconds
  Import took 0.036622 seconds .

========================================================================
Received Import Request.
  Time since last request: 0.000388 seconds.
  path: Assets/Prefabs/Electron.prefab
  artifactKey: Guid(47d9b0e25c1657a4f884f6aa66b867d0) Importer(815301076,1909f56bfc062723c751e8b465ee728b)
Start importing Assets/Prefabs/Electron.prefab using Guid(47d9b0e25c1657a4f884f6aa66b867d0) Importer(815301076,1909f56bfc062723c751e8b465ee728b)  -> (artifact id: 'dc634a9b452c09aec6625cb9cd6d0ece') in 0.022161 seconds
  Import took 0.027155 seconds .

========================================================================
Received Import Request.
  Time since last request: 0.000218 seconds.
  path: Assets/Prefabs/Main Menu.prefab
  artifactKey: Guid(f51b4ef2271e46b44860abdf5d1523ce) Importer(815301076,1909f56bfc062723c751e8b465ee728b)
Start importing Assets/Prefabs/Main Menu.prefab using Guid(f51b4ef2271e46b44860abdf5d1523ce) Importer(815301076,1909f56bfc062723c751e8b465ee728b)  -> (artifact id: '70d27fb76e426fd0626da4faf74e152e') in 0.016849 seconds
  Import took 0.020347 seconds .

========================================================================
Received Import Request.
  Time since last request: 2.187288 seconds.
  path: Assets/Prefabs/Main Canvas.prefab
  artifactKey: Guid(4ca4982a5b531264e888985a19ca5a8d) Importer(815301076,1909f56bfc062723c751e8b465ee728b)
Start importing Assets/Prefabs/Main Canvas.prefab using Guid(4ca4982a5b531264e888985a19ca5a8d) Importer(815301076,1909f56bfc062723c751e8b465ee728b)  -> (artifact id: '05316e18b258c35dd9de18504fc271b0') in 0.065182 seconds
  Import took 0.072109 seconds .

========================================================================
Received Import Request.
  Time since last request: 0.001964 seconds.
  path: Assets/Prefabs/Main Canvas.prefab
  artifactKey: Guid(4ca4982a5b531264e888985a19ca5a8d) Importer(815301076,1909f56bfc062723c751e8b465ee728b)
Start importing Assets/Prefabs/Main Canvas.prefab using Guid(4ca4982a5b531264e888985a19ca5a8d) Importer(815301076,1909f56bfc062723c751e8b465ee728b)  -> (artifact id: '05316e18b258c35dd9de18504fc271b0') in 0.083548 seconds
  Import took 0.089738 seconds .

========================================================================
Received Prepare
Registering precompiled user dll's ...
Registered in 0.000815 seconds.
Begin MonoManager ReloadAssembly
Native extension for WindowsStandalone target not found
Native extension for WebGL target not found
Refreshing native plugins compatible for Editor in 0.27 ms, found 0 plugins.
Preloading 0 native plugins for Editor in 0.00 ms.
Mono: successfully reloaded assembly
- Completed reload, in  0.882 seconds
Platform modules already initialized, skipping
Refreshing native plugins compatible for Editor in 0.23 ms, found 0 plugins.
Preloading 0 native plugins for Editor in 0.00 ms.
Unloading 1169 Unused Serialized files (Serialized files now loaded: 0)
System memory in use before: 63.8 MB.
System memory in use after: 63.9 MB.

Unloading 6 unused Assets to reduce memory usage. Loaded Objects now: 1714.
Total: 1.935000 ms (FindLiveObjects: 0.130300 ms CreateObjectMapping: 0.030800 ms MarkObjects: 1.690500 ms  DeleteObjects: 0.082500 ms)

========================================================================
Received Prepare
Registering precompiled user dll's ...
Registered in 0.001255 seconds.
Begin MonoManager ReloadAssembly
Native extension for WindowsStandalone target not found
Native extension for WebGL target not found
Refreshing native plugins compatible for Editor in 0.22 ms, found 0 plugins.
Preloading 0 native plugins for Editor in 0.00 ms.
Mono: successfully reloaded assembly
- Completed reload, in  0.750 seconds
Platform modules already initialized, skipping
Refreshing native plugins compatible for Editor in 0.37 ms, found 0 plugins.
Preloading 0 native plugins for Editor in 0.00 ms.
Unloading 1169 Unused Serialized files (Serialized files now loaded: 0)
System memory in use before: 63.8 MB.
System memory in use after: 63.9 MB.

Unloading 5 unused Assets to reduce memory usage. Loaded Objects now: 1717.
Total: 2.454500 ms (FindLiveObjects: 0.224100 ms CreateObjectMapping: 0.058700 ms MarkObjects: 2.111300 ms  DeleteObjects: 0.058500 ms)

========================================================================
Received Import Request.
  Time since last request: 189.170527 seconds.
  path: Assets/Prefabs/Main Canvas.prefab
  artifactKey: Guid(4ca4982a5b531264e888985a19ca5a8d) Importer(815301076,1909f56bfc062723c751e8b465ee728b)
Start importing Assets/Prefabs/Main Canvas.prefab using Guid(4ca4982a5b531264e888985a19ca5a8d) Importer(815301076,1909f56bfc062723c751e8b465ee728b)  -> (artifact id: 'ec14704698eaf5daae46b99079b184e8') in 0.140257 seconds
  Import took 0.145349 seconds .

========================================================================
Received Prepare
Registering precompiled user dll's ...
Registered in 0.006527 seconds.
Begin MonoManager ReloadAssembly
Native extension for WindowsStandalone target not found
Native extension for WebGL target not found
Refreshing native plugins compatible for Editor in 0.46 ms, found 0 plugins.
Preloading 0 native plugins for Editor in 0.00 ms.
Mono: successfully reloaded assembly
- Completed reload, in  2.185 seconds
Platform modules already initialized, skipping
Refreshing native plugins compatible for Editor in 0.39 ms, found 0 plugins.
Preloading 0 native plugins for Editor in 0.00 ms.
Unloading 1169 Unused Serialized files (Serialized files now loaded: 0)
System memory in use before: 63.9 MB.
System memory in use after: 63.9 MB.

Unloading 6 unused Assets to reduce memory usage. Loaded Objects now: 1720.
Total: 4.516600 ms (FindLiveObjects: 0.357200 ms CreateObjectMapping: 0.112600 ms MarkObjects: 3.910000 ms  DeleteObjects: 0.134600 ms)

========================================================================
Received Prepare
Registering precompiled user dll's ...
Registered in 0.001489 seconds.
Begin MonoManager ReloadAssembly
Native extension for WindowsStandalone target not found
Native extension for WebGL target not found
Refreshing native plugins compatible for Editor in 0.30 ms, found 0 plugins.
Preloading 0 native plugins for Editor in 0.00 ms.
Mono: successfully reloaded assembly
- Completed reload, in  0.917 seconds
Platform modules already initialized, skipping
Refreshing native plugins compatible for Editor in 0.31 ms, found 0 plugins.
Preloading 0 native plugins for Editor in 0.00 ms.
Unloading 1169 Unused Serialized files (Serialized files now loaded: 0)
System memory in use before: 63.9 MB.
System memory in use after: 63.9 MB.

Unloading 5 unused Assets to reduce memory usage. Loaded Objects now: 1723.
Total: 1.935600 ms (FindLiveObjects: 0.167300 ms CreateObjectMapping: 0.036700 ms MarkObjects: 1.655700 ms  DeleteObjects: 0.074900 ms)

========================================================================
Received Prepare
Registering precompiled user dll's ...
Registered in 0.000952 seconds.
Begin MonoManager ReloadAssembly
Native extension for WindowsStandalone target not found
Native extension for WebGL target not found
Refreshing native plugins compatible for Editor in 0.24 ms, found 0 plugins.
Preloading 0 native plugins for Editor in 0.00 ms.
Mono: successfully reloaded assembly
- Completed reload, in  0.798 seconds
Platform modules already initialized, skipping
Refreshing native plugins compatible for Editor in 0.27 ms, found 0 plugins.
Preloading 0 native plugins for Editor in 0.00 ms.
Unloading 1169 Unused Serialized files (Serialized files now loaded: 0)
System memory in use before: 63.9 MB.
System memory in use after: 63.9 MB.

Unloading 5 unused Assets to reduce memory usage. Loaded Objects now: 1726.
Total: 2.008600 ms (FindLiveObjects: 0.188400 ms CreateObjectMapping: 0.050600 ms MarkObjects: 1.712300 ms  DeleteObjects: 0.056100 ms)

========================================================================
Received Import Request.
  Time since last request: 12581.587531 seconds.
  path: Assets/Prefabs/Main Canvas.prefab
  artifactKey: Guid(4ca4982a5b531264e888985a19ca5a8d) Importer(815301076,1909f56bfc062723c751e8b465ee728b)
Start importing Assets/Prefabs/Main Canvas.prefab using Guid(4ca4982a5b531264e888985a19ca5a8d) Importer(815301076,1909f56bfc062723c751e8b465ee728b)  -> (artifact id: '716f53dffa28bb21cf8dab6177926884') in 0.298641 seconds
  Import took 0.303988 seconds .

========================================================================
Received Import Request.
  Time since last request: 155.261108 seconds.
  path: Assets/Prefabs/Main Canvas.prefab
  artifactKey: Guid(4ca4982a5b531264e888985a19ca5a8d) Importer(815301076,1909f56bfc062723c751e8b465ee728b)
Start importing Assets/Prefabs/Main Canvas.prefab using Guid(4ca4982a5b531264e888985a19ca5a8d) Importer(815301076,1909f56bfc062723c751e8b465ee728b)  -> (artifact id: '173bce68a74b7106c11ae22d259832c4') in 0.068171 seconds
  Import took 0.074972 seconds .

========================================================================
Received Prepare
Registering precompiled user dll's ...
Registered in 0.001118 seconds.
Begin MonoManager ReloadAssembly
Native extension for WindowsStandalone target not found
Native extension for WebGL target not found
Refreshing native plugins compatible for Editor in 0.45 ms, found 0 plugins.
Preloading 0 native plugins for Editor in 0.00 ms.
Mono: successfully reloaded assembly
- Completed reload, in  0.933 seconds
Platform modules already initialized, skipping
Refreshing native plugins compatible for Editor in 0.29 ms, found 0 plugins.
Preloading 0 native plugins for Editor in 0.00 ms.
Unloading 1169 Unused Serialized files (Serialized files now loaded: 0)
System memory in use before: 63.9 MB.
System memory in use after: 64.0 MB.

Unloading 6 unused Assets to reduce memory usage. Loaded Objects now: 1729.
Total: 2.903500 ms (FindLiveObjects: 0.184900 ms CreateObjectMapping: 0.040900 ms MarkObjects: 2.354500 ms  DeleteObjects: 0.321900 ms)

========================================================================
Received Prepare
Registering precompiled user dll's ...
Registered in 0.001041 seconds.
Begin MonoManager ReloadAssembly
Native extension for WindowsStandalone target not found
Native extension for WebGL target not found
Refreshing native plugins compatible for Editor in 0.27 ms, found 0 plugins.
Preloading 0 native plugins for Editor in 0.00 ms.
Mono: successfully reloaded assembly
- Completed reload, in  0.835 seconds
Platform modules already initialized, skipping
Refreshing native plugins compatible for Editor in 0.37 ms, found 0 plugins.
Preloading 0 native plugins for Editor in 0.00 ms.
Unloading 1169 Unused Serialized files (Serialized files now loaded: 0)
System memory in use before: 63.9 MB.
System memory in use after: 64.0 MB.

Unloading 5 unused Assets to reduce memory usage. Loaded Objects now: 1732.
Total: 2.021600 ms (FindLiveObjects: 0.227900 ms CreateObjectMapping: 0.041100 ms MarkObjects: 1.670400 ms  DeleteObjects: 0.081300 ms)

========================================================================
Received Import Request.
  Time since last request: 92628.504000 seconds.
  path: Assets/Prefabs/Main Canvas.prefab
  artifactKey: Guid(4ca4982a5b531264e888985a19ca5a8d) Importer(815301076,1909f56bfc062723c751e8b465ee728b)
Start importing Assets/Prefabs/Main Canvas.prefab using Guid(4ca4982a5b531264e888985a19ca5a8d) Importer(815301076,1909f56bfc062723c751e8b465ee728b)  -> (artifact id: '935146943605e6ac5202b0e2a1dd951d') in 0.283500 seconds
  Import took 0.289538 seconds .

========================================================================
Received Prepare
Registering precompiled user dll's ...
Registered in 0.001132 seconds.
Begin MonoManager ReloadAssembly
Native extension for WindowsStandalone target not found
Native extension for WebGL target not found
Refreshing native plugins compatible for Editor in 0.26 ms, found 0 plugins.
Preloading 0 native plugins for Editor in 0.00 ms.
Mono: successfully reloaded assembly
- Completed reload, in  1.156 seconds
Platform modules already initialized, skipping
Refreshing native plugins compatible for Editor in 0.84 ms, found 0 plugins.
Preloading 0 native plugins for Editor in 0.00 ms.
Unloading 1169 Unused Serialized files (Serialized files now loaded: 0)
System memory in use before: 63.9 MB.
System memory in use after: 64.0 MB.

Unloading 6 unused Assets to reduce memory usage. Loaded Objects now: 1735.
Total: 2.176400 ms (FindLiveObjects: 0.290800 ms CreateObjectMapping: 0.055900 ms MarkObjects: 1.744800 ms  DeleteObjects: 0.082000 ms)

========================================================================
Received Prepare
Registering precompiled user dll's ...
Registered in 0.000919 seconds.
Begin MonoManager ReloadAssembly
Native extension for WindowsStandalone target not found
Native extension for WebGL target not found
Refreshing native plugins compatible for Editor in 0.34 ms, found 0 plugins.
Preloading 0 native plugins for Editor in 0.00 ms.
Mono: successfully reloaded assembly
- Completed reload, in  0.814 seconds
Platform modules already initialized, skipping
Refreshing native plugins compatible for Editor in 0.27 ms, found 0 plugins.
Preloading 0 native plugins for Editor in 0.00 ms.
Unloading 1169 Unused Serialized files (Serialized files now loaded: 0)
System memory in use before: 63.9 MB.
System memory in use after: 64.0 MB.

Unloading 5 unused Assets to reduce memory usage. Loaded Objects now: 1738.
Total: 1.817400 ms (FindLiveObjects: 0.137000 ms CreateObjectMapping: 0.031800 ms MarkObjects: 1.586200 ms  DeleteObjects: 0.061400 ms)

========================================================================
Received Prepare
Registering precompiled user dll's ...
Registered in 0.000908 seconds.
Begin MonoManager ReloadAssembly
Native extension for WindowsStandalone target not found
Native extension for WebGL target not found
Refreshing native plugins compatible for Editor in 0.23 ms, found 0 plugins.
Preloading 0 native plugins for Editor in 0.00 ms.
Mono: successfully reloaded assembly
- Completed reload, in  0.816 seconds
Platform modules already initialized, skipping
Refreshing native plugins compatible for Editor in 0.30 ms, found 0 plugins.
Preloading 0 native plugins for Editor in 0.00 ms.
Unloading 1169 Unused Serialized files (Serialized files now loaded: 0)
System memory in use before: 63.9 MB.
System memory in use after: 64.0 MB.

Unloading 5 unused Assets to reduce memory usage. Loaded Objects now: 1741.
Total: 1.975000 ms (FindLiveObjects: 0.162300 ms CreateObjectMapping: 0.036800 ms MarkObjects: 1.722200 ms  DeleteObjects: 0.052400 ms)

========================================================================
Received Prepare
Registering precompiled user dll's ...
Registered in 0.000922 seconds.
Begin MonoManager ReloadAssembly
Native extension for WindowsStandalone target not found
Native extension for WebGL target not found
Refreshing native plugins compatible for Editor in 0.24 ms, found 0 plugins.
Preloading 0 native plugins for Editor in 0.00 ms.
Mono: successfully reloaded assembly
- Completed reload, in  0.839 seconds
Platform modules already initialized, skipping
Refreshing native plugins compatible for Editor in 0.40 ms, found 0 plugins.
Preloading 0 native plugins for Editor in 0.00 ms.
Unloading 1169 Unused Serialized files (Serialized files now loaded: 0)
System memory in use before: 63.9 MB.
System memory in use after: 64.0 MB.

Unloading 5 unused Assets to reduce memory usage. Loaded Objects now: 1744.
Total: 1.883300 ms (FindLiveObjects: 0.161900 ms CreateObjectMapping: 0.030300 ms MarkObjects: 1.612600 ms  DeleteObjects: 0.077500 ms)

========================================================================
Received Prepare
Registering precompiled user dll's ...
Registered in 0.001507 seconds.
Begin MonoManager ReloadAssembly
Native extension for WindowsStandalone target not found
Native extension for WebGL target not found
Refreshing native plugins compatible for Editor in 0.25 ms, found 0 plugins.
Preloading 0 native plugins for Editor in 0.00 ms.
Mono: successfully reloaded assembly
- Completed reload, in  0.848 seconds
Platform modules already initialized, skipping
Refreshing native plugins compatible for Editor in 0.23 ms, found 0 plugins.
Preloading 0 native plugins for Editor in 0.00 ms.
Unloading 1169 Unused Serialized files (Serialized files now loaded: 0)
System memory in use before: 63.9 MB.
System memory in use after: 64.0 MB.

Unloading 5 unused Assets to reduce memory usage. Loaded Objects now: 1747.
Total: 1.924300 ms (FindLiveObjects: 0.153400 ms CreateObjectMapping: 0.029500 ms MarkObjects: 1.676900 ms  DeleteObjects: 0.063400 ms)

========================================================================
Received Prepare
Registering precompiled user dll's ...
Registered in 0.001015 seconds.
Begin MonoManager ReloadAssembly
Native extension for WindowsStandalone target not found
Native extension for WebGL target not found
Refreshing native plugins compatible for Editor in 0.56 ms, found 0 plugins.
Preloading 0 native plugins for Editor in 0.00 ms.
Mono: successfully reloaded assembly
- Completed reload, in  0.866 seconds
Platform modules already initialized, skipping
Refreshing native plugins compatible for Editor in 0.24 ms, found 0 plugins.
Preloading 0 native plugins for Editor in 0.00 ms.
Unloading 1169 Unused Serialized files (Serialized files now loaded: 0)
System memory in use before: 63.9 MB.
System memory in use after: 64.0 MB.

Unloading 5 unused Assets to reduce memory usage. Loaded Objects now: 1750.
Total: 1.903500 ms (FindLiveObjects: 0.158000 ms CreateObjectMapping: 0.034400 ms MarkObjects: 1.654700 ms  DeleteObjects: 0.055300 ms)

========================================================================
Received Prepare
Registering precompiled user dll's ...
Registered in 0.001216 seconds.
Begin MonoManager ReloadAssembly
Native extension for WindowsStandalone target not found
Native extension for WebGL target not found
Refreshing native plugins compatible for Editor in 0.26 ms, found 0 plugins.
Preloading 0 native plugins for Editor in 0.00 ms.
Mono: successfully reloaded assembly
- Completed reload, in  0.798 seconds
Platform modules already initialized, skipping
Refreshing native plugins compatible for Editor in 0.23 ms, found 0 plugins.
Preloading 0 native plugins for Editor in 0.00 ms.
Unloading 1169 Unused Serialized files (Serialized files now loaded: 0)
System memory in use before: 63.9 MB.
System memory in use after: 64.0 MB.

Unloading 5 unused Assets to reduce memory usage. Loaded Objects now: 1753.
Total: 1.971800 ms (FindLiveObjects: 0.139600 ms CreateObjectMapping: 0.035400 ms MarkObjects: 1.741500 ms  DeleteObjects: 0.054300 ms)

========================================================================
Received Prepare
Registering precompiled user dll's ...
Registered in 0.000848 seconds.
Begin MonoManager ReloadAssembly
Native extension for WindowsStandalone target not found
Native extension for WebGL target not found
Refreshing native plugins compatible for Editor in 0.26 ms, found 0 plugins.
Preloading 0 native plugins for Editor in 0.00 ms.
Mono: successfully reloaded assembly
- Completed reload, in  0.808 seconds
Platform modules already initialized, skipping
Refreshing native plugins compatible for Editor in 0.24 ms, found 0 plugins.
Preloading 0 native plugins for Editor in 0.00 ms.
Unloading 1169 Unused Serialized files (Serialized files now loaded: 0)
System memory in use before: 63.9 MB.
System memory in use after: 64.0 MB.

Unloading 5 unused Assets to reduce memory usage. Loaded Objects now: 1756.
Total: 1.873500 ms (FindLiveObjects: 0.196000 ms CreateObjectMapping: 0.033100 ms MarkObjects: 1.590400 ms  DeleteObjects: 0.053000 ms)

========================================================================
Received Prepare
Registering precompiled user dll's ...
Registered in 0.001015 seconds.
Begin MonoManager ReloadAssembly
Native extension for WindowsStandalone target not found
Native extension for WebGL target not found
Refreshing native plugins compatible for Editor in 0.40 ms, found 0 plugins.
Preloading 0 native plugins for Editor in 0.00 ms.
Mono: successfully reloaded assembly
- Completed reload, in  0.929 seconds
Platform modules already initialized, skipping
Refreshing native plugins compatible for Editor in 0.27 ms, found 0 plugins.
Preloading 0 native plugins for Editor in 0.00 ms.
Unloading 1169 Unused Serialized files (Serialized files now loaded: 0)
System memory in use before: 63.9 MB.
System memory in use after: 64.0 MB.

Unloading 5 unused Assets to reduce memory usage. Loaded Objects now: 1759.
Total: 2.410100 ms (FindLiveObjects: 0.184100 ms CreateObjectMapping: 0.040400 ms MarkObjects: 2.125300 ms  DeleteObjects: 0.058900 ms)

========================================================================
Received Prepare
Registering precompiled user dll's ...
Registered in 0.001043 seconds.
Begin MonoManager ReloadAssembly
Native extension for WindowsStandalone target not found
Native extension for WebGL target not found
Refreshing native plugins compatible for Editor in 0.23 ms, found 0 plugins.
Preloading 0 native plugins for Editor in 0.00 ms.
Mono: successfully reloaded assembly
- Completed reload, in  0.805 seconds
Platform modules already initialized, skipping
Refreshing native plugins compatible for Editor in 0.23 ms, found 0 plugins.
Preloading 0 native plugins for Editor in 0.00 ms.
Unloading 1169 Unused Serialized files (Serialized files now loaded: 0)
System memory in use before: 63.9 MB.
System memory in use after: 64.0 MB.

Unloading 5 unused Assets to reduce memory usage. Loaded Objects now: 1762.
Total: 2.727000 ms (FindLiveObjects: 0.181500 ms CreateObjectMapping: 0.038800 ms MarkObjects: 2.427000 ms  DeleteObjects: 0.078100 ms)

========================================================================
Received Prepare
Registering precompiled user dll's ...
Registered in 0.001040 seconds.
Begin MonoManager ReloadAssembly
Native extension for WindowsStandalone target not found
Native extension for WebGL target not found
Refreshing native plugins compatible for Editor in 0.32 ms, found 0 plugins.
Preloading 0 native plugins for Editor in 0.00 ms.
Mono: successfully reloaded assembly
- Completed reload, in  1.236 seconds
Platform modules already initialized, skipping
Refreshing native plugins compatible for Editor in 0.38 ms, found 0 plugins.
Preloading 0 native plugins for Editor in 0.00 ms.
Unloading 1169 Unused Serialized files (Serialized files now loaded: 0)
System memory in use before: 63.9 MB.
System memory in use after: 64.0 MB.

Unloading 5 unused Assets to reduce memory usage. Loaded Objects now: 1765.
Total: 2.401700 ms (FindLiveObjects: 0.197300 ms CreateObjectMapping: 0.052600 ms MarkObjects: 2.084800 ms  DeleteObjects: 0.065700 ms)

========================================================================
Received Prepare
Registering precompiled user dll's ...
Registered in 0.000820 seconds.
Begin MonoManager ReloadAssembly
Native extension for WindowsStandalone target not found
Native extension for WebGL target not found
Refreshing native plugins compatible for Editor in 0.33 ms, found 0 plugins.
Preloading 0 native plugins for Editor in 0.00 ms.
Mono: successfully reloaded assembly
- Completed reload, in  0.927 seconds
Platform modules already initialized, skipping
Refreshing native plugins compatible for Editor in 0.23 ms, found 0 plugins.
Preloading 0 native plugins for Editor in 0.00 ms.
Unloading 1169 Unused Serialized files (Serialized files now loaded: 0)
System memory in use before: 63.9 MB.
System memory in use after: 64.0 MB.

Unloading 5 unused Assets to reduce memory usage. Loaded Objects now: 1768.
Total: 1.864200 ms (FindLiveObjects: 0.155200 ms CreateObjectMapping: 0.036300 ms MarkObjects: 1.591000 ms  DeleteObjects: 0.080900 ms)

========================================================================
Received Prepare
Registering precompiled user dll's ...
Registered in 0.001110 seconds.
Begin MonoManager ReloadAssembly
Native extension for WindowsStandalone target not found
Native extension for WebGL target not found
Refreshing native plugins compatible for Editor in 0.23 ms, found 0 plugins.
Preloading 0 native plugins for Editor in 0.00 ms.
Mono: successfully reloaded assembly
- Completed reload, in  0.779 seconds
Platform modules already initialized, skipping
Refreshing native plugins compatible for Editor in 0.23 ms, found 0 plugins.
Preloading 0 native plugins for Editor in 0.00 ms.
Unloading 1169 Unused Serialized files (Serialized files now loaded: 0)
System memory in use before: 64.0 MB.
System memory in use after: 64.0 MB.

Unloading 5 unused Assets to reduce memory usage. Loaded Objects now: 1771.
Total: 1.911800 ms (FindLiveObjects: 0.164400 ms CreateObjectMapping: 0.035900 ms MarkObjects: 1.656800 ms  DeleteObjects: 0.053300 ms)

========================================================================
Received Prepare
Registering precompiled user dll's ...
Registered in 0.000832 seconds.
Begin MonoManager ReloadAssembly
Native extension for WindowsStandalone target not found
Native extension for WebGL target not found
Refreshing native plugins compatible for Editor in 0.24 ms, found 0 plugins.
Preloading 0 native plugins for Editor in 0.00 ms.
Mono: successfully reloaded assembly
- Completed reload, in  0.783 seconds
Platform modules already initialized, skipping
Refreshing native plugins compatible for Editor in 0.44 ms, found 0 plugins.
Preloading 0 native plugins for Editor in 0.00 ms.
Unloading 1169 Unused Serialized files (Serialized files now loaded: 0)
System memory in use before: 64.0 MB.
System memory in use after: 64.0 MB.

Unloading 5 unused Assets to reduce memory usage. Loaded Objects now: 1774.
Total: 1.742900 ms (FindLiveObjects: 0.178000 ms CreateObjectMapping: 0.035700 ms MarkObjects: 1.476300 ms  DeleteObjects: 0.051400 ms)

========================================================================
Received Prepare
Registering precompiled user dll's ...
Registered in 0.000893 seconds.
Begin MonoManager ReloadAssembly
Native extension for WindowsStandalone target not found
Native extension for WebGL target not found
Refreshing native plugins compatible for Editor in 0.22 ms, found 0 plugins.
Preloading 0 native plugins for Editor in 0.00 ms.
Mono: successfully reloaded assembly
- Completed reload, in  0.769 seconds
Platform modules already initialized, skipping
Refreshing native plugins compatible for Editor in 0.26 ms, found 0 plugins.
Preloading 0 native plugins for Editor in 0.00 ms.
Unloading 1169 Unused Serialized files (Serialized files now loaded: 0)
System memory in use before: 64.0 MB.
System memory in use after: 64.0 MB.

Unloading 5 unused Assets to reduce memory usage. Loaded Objects now: 1777.
Total: 2.061600 ms (FindLiveObjects: 0.183300 ms CreateObjectMapping: 0.034300 ms MarkObjects: 1.778700 ms  DeleteObjects: 0.064300 ms)

========================================================================
Received Prepare
Registering precompiled user dll's ...
Registered in 0.000888 seconds.
Begin MonoManager ReloadAssembly
Native extension for WindowsStandalone target not found
Native extension for WebGL target not found
Refreshing native plugins compatible for Editor in 0.33 ms, found 0 plugins.
Preloading 0 native plugins for Editor in 0.00 ms.
Mono: successfully reloaded assembly
- Completed reload, in  0.875 seconds
Platform modules already initialized, skipping
Refreshing native plugins compatible for Editor in 0.23 ms, found 0 plugins.
Preloading 0 native plugins for Editor in 0.00 ms.
Unloading 1169 Unused Serialized files (Serialized files now loaded: 0)
System memory in use before: 64.0 MB.
System memory in use after: 64.0 MB.

Unloading 5 unused Assets to reduce memory usage. Loaded Objects now: 1780.
Total: 1.999300 ms (FindLiveObjects: 0.152800 ms CreateObjectMapping: 0.030000 ms MarkObjects: 1.736600 ms  DeleteObjects: 0.079100 ms)

========================================================================
Received Prepare
Registering precompiled user dll's ...
Registered in 0.001284 seconds.
Begin MonoManager ReloadAssembly
Native extension for WindowsStandalone target not found
Native extension for WebGL target not found
Refreshing native plugins compatible for Editor in 0.27 ms, found 0 plugins.
Preloading 0 native plugins for Editor in 0.00 ms.
Mono: successfully reloaded assembly
- Completed reload, in  1.074 seconds
Platform modules already initialized, skipping
Refreshing native plugins compatible for Editor in 0.44 ms, found 0 plugins.
Preloading 0 native plugins for Editor in 0.00 ms.
Unloading 1169 Unused Serialized files (Serialized files now loaded: 0)
System memory in use before: 64.0 MB.
System memory in use after: 64.1 MB.

Unloading 5 unused Assets to reduce memory usage. Loaded Objects now: 1783.
Total: 2.088200 ms (FindLiveObjects: 0.313400 ms CreateObjectMapping: 0.048900 ms MarkObjects: 1.670100 ms  DeleteObjects: 0.053000 ms)

========================================================================
Received Prepare
Registering precompiled user dll's ...
Registered in 0.000943 seconds.
Begin MonoManager ReloadAssembly
Native extension for WindowsStandalone target not found
Native extension for WebGL target not found
Refreshing native plugins compatible for Editor in 0.25 ms, found 0 plugins.
Preloading 0 native plugins for Editor in 0.00 ms.
Mono: successfully reloaded assembly
- Completed reload, in  0.865 seconds
Platform modules already initialized, skipping
Refreshing native plugins compatible for Editor in 0.24 ms, found 0 plugins.
Preloading 0 native plugins for Editor in 0.00 ms.
Unloading 1169 Unused Serialized files (Serialized files now loaded: 0)
System memory in use before: 64.0 MB.
System memory in use after: 64.1 MB.

Unloading 5 unused Assets to reduce memory usage. Loaded Objects now: 1786.
Total: 1.919600 ms (FindLiveObjects: 0.182700 ms CreateObjectMapping: 0.029900 ms MarkObjects: 1.654000 ms  DeleteObjects: 0.052000 ms)

========================================================================
Received Prepare
Registering precompiled user dll's ...
Registered in 0.001181 seconds.
Begin MonoManager ReloadAssembly
Native extension for WindowsStandalone target not found
Native extension for WebGL target not found
Refreshing native plugins compatible for Editor in 0.26 ms, found 0 plugins.
Preloading 0 native plugins for Editor in 0.00 ms.
Mono: successfully reloaded assembly
- Completed reload, in  0.869 seconds
Platform modules already initialized, skipping
Refreshing native plugins compatible for Editor in 0.30 ms, found 0 plugins.
Preloading 0 native plugins for Editor in 0.00 ms.
Unloading 1169 Unused Serialized files (Serialized files now loaded: 0)
System memory in use before: 64.0 MB.
System memory in use after: 64.1 MB.

Unloading 5 unused Assets to reduce memory usage. Loaded Objects now: 1789.
Total: 2.070600 ms (FindLiveObjects: 0.206700 ms CreateObjectMapping: 0.056800 ms MarkObjects: 1.719000 ms  DeleteObjects: 0.086700 ms)

========================================================================
Received Prepare
Registering precompiled user dll's ...
Registered in 0.000962 seconds.
Begin MonoManager ReloadAssembly
Native extension for WindowsStandalone target not found
Native extension for WebGL target not found
Refreshing native plugins compatible for Editor in 0.28 ms, found 0 plugins.
Preloading 0 native plugins for Editor in 0.00 ms.
Mono: successfully reloaded assembly
- Completed reload, in  0.893 seconds
Platform modules already initialized, skipping
Refreshing native plugins compatible for Editor in 0.26 ms, found 0 plugins.
Preloading 0 native plugins for Editor in 0.00 ms.
Unloading 1169 Unused Serialized files (Serialized files now loaded: 0)
System memory in use before: 64.0 MB.
System memory in use after: 64.1 MB.

Unloading 5 unused Assets to reduce memory usage. Loaded Objects now: 1792.
Total: 2.286400 ms (FindLiveObjects: 0.179500 ms CreateObjectMapping: 0.041600 ms MarkObjects: 2.007500 ms  DeleteObjects: 0.056500 ms)

========================================================================
Received Prepare
Registering precompiled user dll's ...
Registered in 0.000890 seconds.
Begin MonoManager ReloadAssembly
Native extension for WindowsStandalone target not found
Native extension for WebGL target not found
Refreshing native plugins compatible for Editor in 0.23 ms, found 0 plugins.
Preloading 0 native plugins for Editor in 0.00 ms.
Mono: successfully reloaded assembly
- Completed reload, in  0.795 seconds
Platform modules already initialized, skipping
Refreshing native plugins compatible for Editor in 0.25 ms, found 0 plugins.
Preloading 0 native plugins for Editor in 0.00 ms.
Unloading 1169 Unused Serialized files (Serialized files now loaded: 0)
System memory in use before: 64.0 MB.
System memory in use after: 64.1 MB.

Unloading 5 unused Assets to reduce memory usage. Loaded Objects now: 1795.
Total: 2.373400 ms (FindLiveObjects: 0.187000 ms CreateObjectMapping: 0.039300 ms MarkObjects: 2.093900 ms  DeleteObjects: 0.052100 ms)

========================================================================
Received Prepare
Registering precompiled user dll's ...
Registered in 0.000821 seconds.
Begin MonoManager ReloadAssembly
Native extension for WindowsStandalone target not found
Native extension for WebGL target not found
Refreshing native plugins compatible for Editor in 0.39 ms, found 0 plugins.
Preloading 0 native plugins for Editor in 0.00 ms.
Mono: successfully reloaded assembly
- Completed reload, in  0.981 seconds
Platform modules already initialized, skipping
Refreshing native plugins compatible for Editor in 0.23 ms, found 0 plugins.
Preloading 0 native plugins for Editor in 0.00 ms.
Unloading 1169 Unused Serialized files (Serialized files now loaded: 0)
System memory in use before: 64.0 MB.
System memory in use after: 64.1 MB.

Unloading 5 unused Assets to reduce memory usage. Loaded Objects now: 1798.
Total: 1.982400 ms (FindLiveObjects: 0.162100 ms CreateObjectMapping: 0.032200 ms MarkObjects: 1.715600 ms  DeleteObjects: 0.071700 ms)

========================================================================
Received Prepare
Registering precompiled user dll's ...
Registered in 0.000945 seconds.
Begin MonoManager ReloadAssembly
Native extension for WindowsStandalone target not found
Native extension for WebGL target not found
Refreshing native plugins compatible for Editor in 0.25 ms, found 0 plugins.
Preloading 0 native plugins for Editor in 0.00 ms.
Mono: successfully reloaded assembly
- Completed reload, in  0.902 seconds
Platform modules already initialized, skipping
Refreshing native plugins compatible for Editor in 0.23 ms, found 0 plugins.
Preloading 0 native plugins for Editor in 0.00 ms.
Unloading 1169 Unused Serialized files (Serialized files now loaded: 0)
System memory in use before: 64.0 MB.
System memory in use after: 64.1 MB.

Unloading 5 unused Assets to reduce memory usage. Loaded Objects now: 1801.
Total: 2.059000 ms (FindLiveObjects: 0.166800 ms CreateObjectMapping: 0.052200 ms MarkObjects: 1.777800 ms  DeleteObjects: 0.061400 ms)

========================================================================
Received Import Request.
  Time since last request: 4273.739004 seconds.
  path: Assets/Noto_Sans
  artifactKey: Guid(092e7b0e44c470346acd23fede1c22ef) Importer(815301076,1909f56bfc062723c751e8b465ee728b)
Start importing Assets/Noto_Sans using Guid(092e7b0e44c470346acd23fede1c22ef) Importer(815301076,1909f56bfc062723c751e8b465ee728b)  -> (artifact id: '0e8fdc6374dbc0f213a2dc853887691e') in 0.013791 seconds
  Import took 0.017615 seconds .

========================================================================
Received Import Request.
  Time since last request: 7.467733 seconds.
  path: Assets/Animations
  artifactKey: Guid(0705bbc38f8adc24baa59b523a95ab34) Importer(815301076,1909f56bfc062723c751e8b465ee728b)
Start importing Assets/Animations using Guid(0705bbc38f8adc24baa59b523a95ab34) Importer(815301076,1909f56bfc062723c751e8b465ee728b)  -> (artifact id: 'd3e348b7eb1bb726673e5f35c4f2ae68') in 0.007483 seconds
  Import took 0.010204 seconds .

========================================================================
Received Import Request.
  Time since last request: 9.376962 seconds.
  path: Assets/Animations/Warning Text.controller
  artifactKey: Guid(5bb049b3efe7afc498b998a77a32bdf1) Importer(815301076,1909f56bfc062723c751e8b465ee728b)
Start importing Assets/Animations/Warning Text.controller using Guid(5bb049b3efe7afc498b998a77a32bdf1) Importer(815301076,1909f56bfc062723c751e8b465ee728b)  -> (artifact id: '3055add5a801a71164883c28bf0259ed') in 0.069650 seconds
  Import took 0.072117 seconds .

========================================================================
Received Import Request.
  Time since last request: 32.457586 seconds.
  path: Assets/Animations/blink.anim
  artifactKey: Guid(c8a1ac8b3423ec94d86cb2cb17830e05) Importer(815301076,1909f56bfc062723c751e8b465ee728b)
Start importing Assets/Animations/blink.anim using Guid(c8a1ac8b3423ec94d86cb2cb17830e05) Importer(815301076,1909f56bfc062723c751e8b465ee728b)  -> (artifact id: 'd2e4d7dab6abc5cadc295f86f76f1268') in 0.014558 seconds
  Import took 0.017813 seconds .

========================================================================
Received Import Request.
  Time since last request: 2.867578 seconds.
  path: Assets/Animations/Blink.anim
  artifactKey: Guid(c8a1ac8b3423ec94d86cb2cb17830e05) Importer(815301076,1909f56bfc062723c751e8b465ee728b)
Start importing Assets/Animations/Blink.anim using Guid(c8a1ac8b3423ec94d86cb2cb17830e05) Importer(815301076,1909f56bfc062723c751e8b465ee728b)  -> (artifact id: '937a1d3b88e0dd4e720b2b27832ef8a7') in 0.012851 seconds
  Import took 0.016202 seconds .

========================================================================
Received Import Request.
  Time since last request: 246.102525 seconds.
  path: Assets/Animations/Warning Text.controller
  artifactKey: Guid(5bb049b3efe7afc498b998a77a32bdf1) Importer(815301076,1909f56bfc062723c751e8b465ee728b)
Start importing Assets/Animations/Warning Text.controller using Guid(5bb049b3efe7afc498b998a77a32bdf1) Importer(815301076,1909f56bfc062723c751e8b465ee728b)  -> (artifact id: '49240dc7e1c1b7af5c7178c127a98759') in 0.006872 seconds
  Import took 0.010579 seconds .

========================================================================
Received Prepare
Registering precompiled user dll's ...
Registered in 0.001350 seconds.
Begin MonoManager ReloadAssembly
Native extension for WindowsStandalone target not found
Native extension for WebGL target not found
Refreshing native plugins compatible for Editor in 0.27 ms, found 0 plugins.
Preloading 0 native plugins for Editor in 0.00 ms.
Mono: successfully reloaded assembly
- Completed reload, in  0.880 seconds
Platform modules already initialized, skipping
Refreshing native plugins compatible for Editor in 0.24 ms, found 0 plugins.
Preloading 0 native plugins for Editor in 0.00 ms.
Unloading 1169 Unused Serialized files (Serialized files now loaded: 0)
System memory in use before: 64.0 MB.
System memory in use after: 64.1 MB.

Unloading 5 unused Assets to reduce memory usage. Loaded Objects now: 1804.
Total: 1.810100 ms (FindLiveObjects: 0.154900 ms CreateObjectMapping: 0.035300 ms MarkObjects: 1.540200 ms  DeleteObjects: 0.078700 ms)

========================================================================
Received Import Request.
  Time since last request: 233.730673 seconds.
  path: Assets/Animations/Warning Text.controller
  artifactKey: Guid(5bb049b3efe7afc498b998a77a32bdf1) Importer(815301076,1909f56bfc062723c751e8b465ee728b)
Start importing Assets/Animations/Warning Text.controller using Guid(5bb049b3efe7afc498b998a77a32bdf1) Importer(815301076,1909f56bfc062723c751e8b465ee728b)  -> (artifact id: '861e8afce2aab15fa1b3a5974790f4f3') in 0.011536 seconds
  Import took 0.013816 seconds .

========================================================================
Received Prepare
Registering precompiled user dll's ...
Registered in 0.000985 seconds.
Begin MonoManager ReloadAssembly
Native extension for WindowsStandalone target not found
Native extension for WebGL target not found
Refreshing native plugins compatible for Editor in 0.23 ms, found 0 plugins.
Preloading 0 native plugins for Editor in 0.00 ms.
Mono: successfully reloaded assembly
- Completed reload, in  0.855 seconds
Platform modules already initialized, skipping
Refreshing native plugins compatible for Editor in 0.23 ms, found 0 plugins.
Preloading 0 native plugins for Editor in 0.00 ms.
Unloading 1169 Unused Serialized files (Serialized files now loaded: 0)
System memory in use before: 64.0 MB.
System memory in use after: 64.1 MB.

Unloading 5 unused Assets to reduce memory usage. Loaded Objects now: 1807.
Total: 2.658400 ms (FindLiveObjects: 0.163700 ms CreateObjectMapping: 0.047700 ms MarkObjects: 2.373100 ms  DeleteObjects: 0.072500 ms)

========================================================================
Received Prepare
Registering precompiled user dll's ...
Registered in 0.000950 seconds.
Begin MonoManager ReloadAssembly
Native extension for WindowsStandalone target not found
Native extension for WebGL target not found
Refreshing native plugins compatible for Editor in 0.24 ms, found 0 plugins.
Preloading 0 native plugins for Editor in 0.00 ms.
Mono: successfully reloaded assembly
- Completed reload, in  0.857 seconds
Platform modules already initialized, skipping
Refreshing native plugins compatible for Editor in 0.24 ms, found 0 plugins.
Preloading 0 native plugins for Editor in 0.00 ms.
Unloading 1169 Unused Serialized files (Serialized files now loaded: 0)
System memory in use before: 64.0 MB.
System memory in use after: 64.1 MB.

Unloading 5 unused Assets to reduce memory usage. Loaded Objects now: 1810.
Total: 2.089000 ms (FindLiveObjects: 0.434900 ms CreateObjectMapping: 0.045300 ms MarkObjects: 1.550800 ms  DeleteObjects: 0.057100 ms)

========================================================================
Received Prepare
Registering precompiled user dll's ...
Registered in 0.001064 seconds.
Begin MonoManager ReloadAssembly
Native extension for WindowsStandalone target not found
Native extension for WebGL target not found
Refreshing native plugins compatible for Editor in 0.39 ms, found 0 plugins.
Preloading 0 native plugins for Editor in 0.00 ms.
Mono: successfully reloaded assembly
- Completed reload, in  0.823 seconds
Platform modules already initialized, skipping
Refreshing native plugins compatible for Editor in 0.23 ms, found 0 plugins.
Preloading 0 native plugins for Editor in 0.00 ms.
Unloading 1169 Unused Serialized files (Serialized files now loaded: 0)
System memory in use before: 64.0 MB.
System memory in use after: 64.1 MB.

Unloading 5 unused Assets to reduce memory usage. Loaded Objects now: 1813.
Total: 1.868300 ms (FindLiveObjects: 0.165500 ms CreateObjectMapping: 0.037900 ms MarkObjects: 1.613100 ms  DeleteObjects: 0.050800 ms)

========================================================================
Received Prepare
Registering precompiled user dll's ...
Registered in 0.000815 seconds.
Begin MonoManager ReloadAssembly
Native extension for WindowsStandalone target not found
Native extension for WebGL target not found
Refreshing native plugins compatible for Editor in 0.24 ms, found 0 plugins.
Preloading 0 native plugins for Editor in 0.00 ms.
Mono: successfully reloaded assembly
- Completed reload, in  0.853 seconds
Platform modules already initialized, skipping
Refreshing native plugins compatible for Editor in 0.31 ms, found 0 plugins.
Preloading 0 native plugins for Editor in 0.00 ms.
Unloading 1169 Unused Serialized files (Serialized files now loaded: 0)
System memory in use before: 64.0 MB.
System memory in use after: 64.1 MB.

Unloading 5 unused Assets to reduce memory usage. Loaded Objects now: 1816.
Total: 2.501200 ms (FindLiveObjects: 0.227200 ms CreateObjectMapping: 0.057800 ms MarkObjects: 2.142500 ms  DeleteObjects: 0.071900 ms)

========================================================================
Received Prepare
Registering precompiled user dll's ...
Registered in 0.001177 seconds.
Begin MonoManager ReloadAssembly
Native extension for WindowsStandalone target not found
Native extension for WebGL target not found
Refreshing native plugins compatible for Editor in 0.27 ms, found 0 plugins.
Preloading 0 native plugins for Editor in 0.00 ms.
Mono: successfully reloaded assembly
- Completed reload, in  1.060 seconds
Platform modules already initialized, skipping
Refreshing native plugins compatible for Editor in 0.27 ms, found 0 plugins.
Preloading 0 native plugins for Editor in 0.00 ms.
Unloading 1169 Unused Serialized files (Serialized files now loaded: 0)
System memory in use before: 64.0 MB.
System memory in use after: 64.1 MB.

Unloading 5 unused Assets to reduce memory usage. Loaded Objects now: 1819.
Total: 2.221000 ms (FindLiveObjects: 0.191100 ms CreateObjectMapping: 0.040100 ms MarkObjects: 1.927000 ms  DeleteObjects: 0.061600 ms)

========================================================================
Received Prepare
Registering precompiled user dll's ...
Registered in 0.000902 seconds.
Begin MonoManager ReloadAssembly
Native extension for WindowsStandalone target not found
Native extension for WebGL target not found
Refreshing native plugins compatible for Editor in 0.28 ms, found 0 plugins.
Preloading 0 native plugins for Editor in 0.00 ms.
Mono: successfully reloaded assembly
- Completed reload, in  0.870 seconds
Platform modules already initialized, skipping
Refreshing native plugins compatible for Editor in 0.23 ms, found 0 plugins.
Preloading 0 native plugins for Editor in 0.00 ms.
Unloading 1169 Unused Serialized files (Serialized files now loaded: 0)
System memory in use before: 64.0 MB.
System memory in use after: 64.1 MB.

Unloading 5 unused Assets to reduce memory usage. Loaded Objects now: 1822.
Total: 1.883800 ms (FindLiveObjects: 0.166400 ms CreateObjectMapping: 0.030800 ms MarkObjects: 1.602600 ms  DeleteObjects: 0.083200 ms)

========================================================================
Received Prepare
Registering precompiled user dll's ...
Registered in 0.000847 seconds.
Begin MonoManager ReloadAssembly
Native extension for WindowsStandalone target not found
Native extension for WebGL target not found
Refreshing native plugins compatible for Editor in 0.71 ms, found 0 plugins.
Preloading 0 native plugins for Editor in 0.00 ms.
Mono: successfully reloaded assembly
- Completed reload, in  0.841 seconds
Platform modules already initialized, skipping
Refreshing native plugins compatible for Editor in 0.30 ms, found 0 plugins.
Preloading 0 native plugins for Editor in 0.00 ms.
Unloading 1169 Unused Serialized files (Serialized files now loaded: 0)
System memory in use before: 64.0 MB.
System memory in use after: 64.1 MB.

Unloading 5 unused Assets to reduce memory usage. Loaded Objects now: 1825.
Total: 1.790800 ms (FindLiveObjects: 0.149100 ms CreateObjectMapping: 0.031900 ms MarkObjects: 1.555200 ms  DeleteObjects: 0.053800 ms)

========================================================================
Received Prepare
Registering precompiled user dll's ...
Registered in 0.001017 seconds.
Begin MonoManager ReloadAssembly
Native extension for WindowsStandalone target not found
Native extension for WebGL target not found
Refreshing native plugins compatible for Editor in 0.24 ms, found 0 plugins.
Preloading 0 native plugins for Editor in 0.00 ms.
Mono: successfully reloaded assembly
- Completed reload, in  0.979 seconds
Platform modules already initialized, skipping
Refreshing native plugins compatible for Editor in 0.28 ms, found 0 plugins.
Preloading 0 native plugins for Editor in 0.00 ms.
Unloading 1169 Unused Serialized files (Serialized files now loaded: 0)
System memory in use before: 64.0 MB.
System memory in use after: 64.1 MB.

Unloading 5 unused Assets to reduce memory usage. Loaded Objects now: 1828.
Total: 1.762900 ms (FindLiveObjects: 0.170900 ms CreateObjectMapping: 0.038100 ms MarkObjects: 1.469100 ms  DeleteObjects: 0.083900 ms)

========================================================================
Received Prepare
Registering precompiled user dll's ...
Registered in 0.000848 seconds.
Begin MonoManager ReloadAssembly
Native extension for WindowsStandalone target not found
Native extension for WebGL target not found
Refreshing native plugins compatible for Editor in 0.23 ms, found 0 plugins.
Preloading 0 native plugins for Editor in 0.00 ms.
Mono: successfully reloaded assembly
- Completed reload, in  0.865 seconds
Platform modules already initialized, skipping
Refreshing native plugins compatible for Editor in 0.43 ms, found 0 plugins.
Preloading 0 native plugins for Editor in 0.00 ms.
Unloading 1169 Unused Serialized files (Serialized files now loaded: 0)
System memory in use before: 64.1 MB.
System memory in use after: 64.1 MB.

Unloading 5 unused Assets to reduce memory usage. Loaded Objects now: 1831.
Total: 1.758700 ms (FindLiveObjects: 0.169000 ms CreateObjectMapping: 0.038400 ms MarkObjects: 1.493200 ms  DeleteObjects: 0.057200 ms)

========================================================================
Received Prepare
Registering precompiled user dll's ...
Registered in 0.000902 seconds.
Begin MonoManager ReloadAssembly
Native extension for WindowsStandalone target not found
Native extension for WebGL target not found
Refreshing native plugins compatible for Editor in 0.24 ms, found 0 plugins.
Preloading 0 native plugins for Editor in 0.00 ms.
Mono: successfully reloaded assembly
- Completed reload, in  0.766 seconds
Platform modules already initialized, skipping
Refreshing native plugins compatible for Editor in 0.39 ms, found 0 plugins.
Preloading 0 native plugins for Editor in 0.00 ms.
Unloading 1169 Unused Serialized files (Serialized files now loaded: 0)
System memory in use before: 64.1 MB.
System memory in use after: 64.1 MB.

Unloading 5 unused Assets to reduce memory usage. Loaded Objects now: 1834.
Total: 3.074100 ms (FindLiveObjects: 0.246800 ms CreateObjectMapping: 0.060300 ms MarkObjects: 2.679700 ms  DeleteObjects: 0.085600 ms)

