Using pre-set license
Built from '2020.3/staging' branch; Version is '2020.3.8f1 (507919d4fff5) revision 5273881'; Using compiler version '192528614'; Build Type 'Release'
OS: 'Windows 10 Home; OS build 19042.985; Version 2009; 64bit' Language: 'en' Physical Memory: 16226 MB
BatchMode: 1, IsHumanControllingUs: 0, StartBugReporterOnCrash: 0, Is64bit: 1, IsPro: 0

 COMMAND LINE ARGUMENTS:
E:\Editors\2020.3.8f1\Editor\Unity.exe
-adb2
-batchMode
-noUpm
-name
AssetImportWorker4
-projectPath
E:/GameDev/GravitationalWaveSurfer
-logFile
Logs/AssetImportWorker4.log
-srvPort
50359
Successfully changed project path to: E:/GameDev/GravitationalWaveSurfer
E:/GameDev/GravitationalWaveSurfer
Using Asset Import Pipeline V2.
Refreshing native plugins compatible for Editor in 25.99 ms, found 0 plugins.
Preloading 0 native plugins for Editor in 0.00 ms.
Initialize engine version: 2020.3.8f1 (507919d4fff5)
[Subsystems] Discovering subsystems at path E:/Editors/2020.3.8f1/Editor/Data/Resources/UnitySubsystems
[Subsystems] Discovering subsystems at path E:/GameDev/GravitationalWaveSurfer/Assets
GfxDevice: creating device client; threaded=0
Direct3D:
    Version:  Direct3D 11.0 [level 11.1]
    Renderer: NVIDIA GeForce MX150 (ID=0x1d12)
    Vendor:   
    VRAM:     1994 MB
    Driver:   23.21.13.8892
Initialize mono
Mono path[0] = 'E:/Editors/2020.3.8f1/Editor/Data/Managed'
Mono path[1] = 'E:/Editors/2020.3.8f1/Editor/Data/MonoBleedingEdge/lib/mono/unityjit'
Mono config path = 'E:/Editors/2020.3.8f1/Editor/Data/MonoBleedingEdge/etc'
Using monoOptions --debugger-agent=transport=dt_socket,embedding=1,server=y,suspend=n,address=127.0.0.1:56544
Begin MonoManager ReloadAssembly
Registering precompiled unity dll's ...
Register platform support module: E:/Editors/2020.3.8f1/Editor/Data/PlaybackEngines/WebGLSupport/UnityEditor.WebGL.Extensions.dll
Register platform support module: E:/Editors/2020.3.8f1/Editor/Data/PlaybackEngines/WindowsStandaloneSupport/UnityEditor.WindowsStandalone.Extensions.dll
Registered in 0.002017 seconds.
Native extension for WindowsStandalone target not found
Native extension for WebGL target not found
Refreshing native plugins compatible for Editor in 30.85 ms, found 0 plugins.
Preloading 0 native plugins for Editor in 0.00 ms.
Mono: successfully reloaded assembly
- Completed reload, in  2.892 seconds
Platform modules already initialized, skipping
Registering precompiled user dll's ...
Registered in 0.001113 seconds.
Begin MonoManager ReloadAssembly
Native extension for WindowsStandalone target not found
Native extension for WebGL target not found
Refreshing native plugins compatible for Editor in 0.23 ms, found 0 plugins.
Preloading 0 native plugins for Editor in 0.00 ms.
Mono: successfully reloaded assembly
- Completed reload, in  0.949 seconds
Platform modules already initialized, skipping
========================================================================
Worker process is ready to serve import requests
Launched and connected shader compiler UnityShaderCompiler.exe after 0.12 seconds
Refreshing native plugins compatible for Editor in 0.23 ms, found 0 plugins.
Preloading 0 native plugins for Editor in 0.00 ms.
Unloading 1160 Unused Serialized files (Serialized files now loaded: 0)
System memory in use before: 58.8 MB.
System memory in use after: 58.8 MB.

Unloading 10 unused Assets to reduce memory usage. Loaded Objects now: 1603.
Total: 2.005500 ms (FindLiveObjects: 0.147500 ms CreateObjectMapping: 0.029700 ms MarkObjects: 1.710100 ms  DeleteObjects: 0.117300 ms)

========================================================================
Received Import Request.
  path: Assets/Prefabs/Anti-Electron.prefab
  artifactKey: Guid(3ef957e2a5371e2419370d6d1fde8b6d) Importer(815301076,1909f56bfc062723c751e8b465ee728b)
Start importing Assets/Prefabs/Anti-Electron.prefab using Guid(3ef957e2a5371e2419370d6d1fde8b6d) Importer(815301076,1909f56bfc062723c751e8b465ee728b)  -> (artifact id: '8c615656043e3bffd4c7123337cc4a3c') in 0.173203 seconds
  Import took 0.176036 seconds .

========================================================================
Received Import Request.
  Time since last request: 0.224364 seconds.
  path: Assets/Prefabs/Anti-Neutron.prefab
  artifactKey: Guid(9b4e533dafcd6dc4eb507a2aa70a120b) Importer(815301076,1909f56bfc062723c751e8b465ee728b)
Start importing Assets/Prefabs/Anti-Neutron.prefab using Guid(9b4e533dafcd6dc4eb507a2aa70a120b) Importer(815301076,1909f56bfc062723c751e8b465ee728b)  -> (artifact id: 'ac7db6257e3351709eeb457e7a01ff69') in 0.030586 seconds
  Import took 0.051274 seconds .

========================================================================
Received Import Request.
  Time since last request: 0.321454 seconds.
  path: Assets/Prefabs/Anti-Proton.prefab
  artifactKey: Guid(d930b1967d1f5424fb00dd4f1bf23b6c) Importer(815301076,1909f56bfc062723c751e8b465ee728b)
Start importing Assets/Prefabs/Anti-Proton.prefab using Guid(d930b1967d1f5424fb00dd4f1bf23b6c) Importer(815301076,1909f56bfc062723c751e8b465ee728b)  -> (artifact id: '20b62beae78051afdf58b9d8286a8b16') in 0.015975 seconds
  Import took 0.018845 seconds .

========================================================================
Received Import Request.
  Time since last request: 1.080993 seconds.
  path: Assets/Prefabs/Electron.prefab
  artifactKey: Guid(47d9b0e25c1657a4f884f6aa66b867d0) Importer(815301076,1909f56bfc062723c751e8b465ee728b)
Start importing Assets/Prefabs/Electron.prefab using Guid(47d9b0e25c1657a4f884f6aa66b867d0) Importer(815301076,1909f56bfc062723c751e8b465ee728b)  -> (artifact id: '1fbb7d9eeeeba682dba063770c9fba74') in 0.015694 seconds
  Import took 0.018266 seconds .

========================================================================
Received Import Request.
  Time since last request: 1.031092 seconds.
  path: Assets/Prefabs/Neutron.prefab
  artifactKey: Guid(769a453e77d9c5f4aafddc4bee775473) Importer(815301076,1909f56bfc062723c751e8b465ee728b)
Start importing Assets/Prefabs/Neutron.prefab using Guid(769a453e77d9c5f4aafddc4bee775473) Importer(815301076,1909f56bfc062723c751e8b465ee728b)  -> (artifact id: 'd4f29e9d4421a1ae80408c6f0256f887') in 0.017452 seconds
  Import took 0.020603 seconds .

========================================================================
Received Import Request.
  Time since last request: 8.171014 seconds.
  path: Assets/Prefabs/Proton.prefab
  artifactKey: Guid(d20f938cf99fa114ab6dca64c0b9e354) Importer(815301076,1909f56bfc062723c751e8b465ee728b)
Start importing Assets/Prefabs/Proton.prefab using Guid(d20f938cf99fa114ab6dca64c0b9e354) Importer(815301076,1909f56bfc062723c751e8b465ee728b)  -> (artifact id: '56b94f0d6a42ba5372254987b46f19fc') in 0.026582 seconds
  Import took 0.028994 seconds .

========================================================================
Received Import Request.
  Time since last request: 1.267111 seconds.
  path: Assets/Prefabs/Player.prefab
  artifactKey: Guid(12e02df8206c4d64881177f30f5617ec) Importer(815301076,1909f56bfc062723c751e8b465ee728b)
Start importing Assets/Prefabs/Player.prefab using Guid(12e02df8206c4d64881177f30f5617ec) Importer(815301076,1909f56bfc062723c751e8b465ee728b)  -> (artifact id: '8ffaca319ac98d2f394507ec596ce426') in 0.028593 seconds
  Import took 0.031160 seconds .

========================================================================
Received Import Request.
  Time since last request: 0.004392 seconds.
  path: Assets/Prefabs/Player.prefab
  artifactKey: Guid(12e02df8206c4d64881177f30f5617ec) Importer(815301076,1909f56bfc062723c751e8b465ee728b)
Start importing Assets/Prefabs/Player.prefab using Guid(12e02df8206c4d64881177f30f5617ec) Importer(815301076,1909f56bfc062723c751e8b465ee728b)  -> (artifact id: '8ffaca319ac98d2f394507ec596ce426') in 0.014300 seconds
  Import took 0.017014 seconds .

========================================================================
Received Import Request.
  Time since last request: 3.370634 seconds.
  path: Assets/Prefabs/Player.prefab
  artifactKey: Guid(12e02df8206c4d64881177f30f5617ec) Importer(815301076,1909f56bfc062723c751e8b465ee728b)
Start importing Assets/Prefabs/Player.prefab using Guid(12e02df8206c4d64881177f30f5617ec) Importer(815301076,1909f56bfc062723c751e8b465ee728b)  -> (artifact id: '4ef375207b45259cd028ebe4f0c63a3f') in 0.019917 seconds
  Import took 0.022546 seconds .

========================================================================
Received Import Request.
  Time since last request: 44.024858 seconds.
  path: Assets/Prefabs/Anti-Electron.prefab
  artifactKey: Guid(3ef957e2a5371e2419370d6d1fde8b6d) Importer(815301076,1909f56bfc062723c751e8b465ee728b)
Start importing Assets/Prefabs/Anti-Electron.prefab using Guid(3ef957e2a5371e2419370d6d1fde8b6d) Importer(815301076,1909f56bfc062723c751e8b465ee728b)  -> (artifact id: '9712152df23d6cf25dfc85359d7a0356') in 0.015295 seconds
  Import took 0.018045 seconds .

========================================================================
Received Import Request.
  Time since last request: 0.182456 seconds.
  path: Assets/Prefabs/Anti-Electron.prefab
  artifactKey: Guid(3ef957e2a5371e2419370d6d1fde8b6d) Importer(815301076,1909f56bfc062723c751e8b465ee728b)
Start importing Assets/Prefabs/Anti-Electron.prefab using Guid(3ef957e2a5371e2419370d6d1fde8b6d) Importer(815301076,1909f56bfc062723c751e8b465ee728b)  -> (artifact id: '9712152df23d6cf25dfc85359d7a0356') in 0.012392 seconds
  Import took 0.014939 seconds .

========================================================================
Received Import Request.
  Time since last request: 0.341890 seconds.
  path: Assets/Prefabs/Anti-Neutron.prefab
  artifactKey: Guid(9b4e533dafcd6dc4eb507a2aa70a120b) Importer(815301076,1909f56bfc062723c751e8b465ee728b)
Start importing Assets/Prefabs/Anti-Neutron.prefab using Guid(9b4e533dafcd6dc4eb507a2aa70a120b) Importer(815301076,1909f56bfc062723c751e8b465ee728b)  -> (artifact id: 'c247bb1c90b5609e6155e56d30680a36') in 0.013830 seconds
  Import took 0.016010 seconds .

========================================================================
Received Import Request.
  Time since last request: 0.535332 seconds.
  path: Assets/Prefabs/Anti-Proton.prefab
  artifactKey: Guid(d930b1967d1f5424fb00dd4f1bf23b6c) Importer(815301076,1909f56bfc062723c751e8b465ee728b)
Start importing Assets/Prefabs/Anti-Proton.prefab using Guid(d930b1967d1f5424fb00dd4f1bf23b6c) Importer(815301076,1909f56bfc062723c751e8b465ee728b)  -> (artifact id: '5046e15bd1ba087360da4ba4342ed3f7') in 0.011546 seconds
  Import took 0.013726 seconds .

========================================================================
Received Import Request.
  Time since last request: 0.002095 seconds.
  path: Assets/Prefabs/Anti-Proton.prefab
  artifactKey: Guid(d930b1967d1f5424fb00dd4f1bf23b6c) Importer(815301076,1909f56bfc062723c751e8b465ee728b)
Start importing Assets/Prefabs/Anti-Proton.prefab using Guid(d930b1967d1f5424fb00dd4f1bf23b6c) Importer(815301076,1909f56bfc062723c751e8b465ee728b)  -> (artifact id: '5046e15bd1ba087360da4ba4342ed3f7') in 0.012096 seconds
  Import took 0.014596 seconds .

========================================================================
Received Import Request.
  Time since last request: 2.499373 seconds.
  path: Assets/Prefabs/Electron.prefab
  artifactKey: Guid(47d9b0e25c1657a4f884f6aa66b867d0) Importer(815301076,1909f56bfc062723c751e8b465ee728b)
Start importing Assets/Prefabs/Electron.prefab using Guid(47d9b0e25c1657a4f884f6aa66b867d0) Importer(815301076,1909f56bfc062723c751e8b465ee728b)  -> (artifact id: '3e90bf1762bb5a5444724ec8c44c8543') in 0.011358 seconds
  Import took 0.013940 seconds .

========================================================================
Received Import Request.
  Time since last request: 0.771844 seconds.
  path: Assets/Prefabs/Neutron.prefab
  artifactKey: Guid(769a453e77d9c5f4aafddc4bee775473) Importer(815301076,1909f56bfc062723c751e8b465ee728b)
Start importing Assets/Prefabs/Neutron.prefab using Guid(769a453e77d9c5f4aafddc4bee775473) Importer(815301076,1909f56bfc062723c751e8b465ee728b)  -> (artifact id: 'b4ceb233642f19d72ab62beb7729a7fc') in 0.021285 seconds
  Import took 0.024017 seconds .

========================================================================
Received Prepare
Registering precompiled user dll's ...
Registered in 0.000843 seconds.
Begin MonoManager ReloadAssembly
Native extension for WindowsStandalone target not found
Native extension for WebGL target not found
Refreshing native plugins compatible for Editor in 0.26 ms, found 0 plugins.
Preloading 0 native plugins for Editor in 0.00 ms.
Mono: successfully reloaded assembly
- Completed reload, in  0.779 seconds
Platform modules already initialized, skipping
Refreshing native plugins compatible for Editor in 0.24 ms, found 0 plugins.
Preloading 0 native plugins for Editor in 0.00 ms.
Unloading 1155 Unused Serialized files (Serialized files now loaded: 0)
System memory in use before: 61.8 MB.
System memory in use after: 61.9 MB.

Unloading 5 unused Assets to reduce memory usage. Loaded Objects now: 1613.
Total: 1.887500 ms (FindLiveObjects: 0.121700 ms CreateObjectMapping: 0.034600 ms MarkObjects: 1.643700 ms  DeleteObjects: 0.086800 ms)

========================================================================
Received Import Request.
  Time since last request: 12.133530 seconds.
  path: Assets/Prefabs/Player.prefab
  artifactKey: Guid(12e02df8206c4d64881177f30f5617ec) Importer(815301076,1909f56bfc062723c751e8b465ee728b)
Start importing Assets/Prefabs/Player.prefab using Guid(12e02df8206c4d64881177f30f5617ec) Importer(815301076,1909f56bfc062723c751e8b465ee728b)  -> (artifact id: 'aa9e5229249e89ec96b4a9769a608c3b') in 0.065053 seconds
  Import took 0.067523 seconds .

========================================================================
Received Prepare
Registering precompiled user dll's ...
Registered in 0.000961 seconds.
Begin MonoManager ReloadAssembly
Native extension for WindowsStandalone target not found
Native extension for WebGL target not found
Refreshing native plugins compatible for Editor in 0.23 ms, found 0 plugins.
Preloading 0 native plugins for Editor in 0.00 ms.
Mono: successfully reloaded assembly
- Completed reload, in  0.780 seconds
Platform modules already initialized, skipping
Refreshing native plugins compatible for Editor in 0.38 ms, found 0 plugins.
Preloading 0 native plugins for Editor in 0.00 ms.
Unloading 1155 Unused Serialized files (Serialized files now loaded: 0)
System memory in use before: 61.9 MB.
System memory in use after: 62.0 MB.

Unloading 5 unused Assets to reduce memory usage. Loaded Objects now: 1617.
Total: 2.285400 ms (FindLiveObjects: 0.191200 ms CreateObjectMapping: 0.038300 ms MarkObjects: 2.004200 ms  DeleteObjects: 0.050400 ms)

========================================================================
Received Prepare
Registering precompiled user dll's ...
Registered in 0.000950 seconds.
Begin MonoManager ReloadAssembly
Native extension for WindowsStandalone target not found
Native extension for WebGL target not found
Refreshing native plugins compatible for Editor in 0.25 ms, found 0 plugins.
Preloading 0 native plugins for Editor in 0.00 ms.
Mono: successfully reloaded assembly
- Completed reload, in  0.939 seconds
Platform modules already initialized, skipping
Refreshing native plugins compatible for Editor in 0.48 ms, found 0 plugins.
Preloading 0 native plugins for Editor in 0.00 ms.
Unloading 1155 Unused Serialized files (Serialized files now loaded: 0)
System memory in use before: 61.9 MB.
System memory in use after: 62.0 MB.

Unloading 5 unused Assets to reduce memory usage. Loaded Objects now: 1620.
Total: 2.262300 ms (FindLiveObjects: 0.147100 ms CreateObjectMapping: 0.039900 ms MarkObjects: 2.010300 ms  DeleteObjects: 0.063600 ms)

========================================================================
Received Prepare
Registering precompiled user dll's ...
Registered in 0.001244 seconds.
Begin MonoManager ReloadAssembly
Native extension for WindowsStandalone target not found
Native extension for WebGL target not found
Refreshing native plugins compatible for Editor in 0.23 ms, found 0 plugins.
Preloading 0 native plugins for Editor in 0.00 ms.
Mono: successfully reloaded assembly
- Completed reload, in  0.783 seconds
Platform modules already initialized, skipping
Refreshing native plugins compatible for Editor in 0.84 ms, found 0 plugins.
Preloading 0 native plugins for Editor in 0.00 ms.
Unloading 1155 Unused Serialized files (Serialized files now loaded: 0)
System memory in use before: 61.9 MB.
System memory in use after: 62.0 MB.

Unloading 5 unused Assets to reduce memory usage. Loaded Objects now: 1623.
Total: 1.631100 ms (FindLiveObjects: 0.151100 ms CreateObjectMapping: 0.037000 ms MarkObjects: 1.388600 ms  DeleteObjects: 0.053300 ms)

========================================================================
Received Prepare
Registering precompiled user dll's ...
Registered in 0.000939 seconds.
Begin MonoManager ReloadAssembly
Native extension for WindowsStandalone target not found
Native extension for WebGL target not found
Refreshing native plugins compatible for Editor in 0.24 ms, found 0 plugins.
Preloading 0 native plugins for Editor in 0.00 ms.
Mono: successfully reloaded assembly
- Completed reload, in  0.866 seconds
Platform modules already initialized, skipping
Refreshing native plugins compatible for Editor in 0.23 ms, found 0 plugins.
Preloading 0 native plugins for Editor in 0.00 ms.
Unloading 1155 Unused Serialized files (Serialized files now loaded: 0)
System memory in use before: 61.9 MB.
System memory in use after: 62.0 MB.

Unloading 5 unused Assets to reduce memory usage. Loaded Objects now: 1626.
Total: 2.214700 ms (FindLiveObjects: 0.149200 ms CreateObjectMapping: 0.040300 ms MarkObjects: 1.948400 ms  DeleteObjects: 0.075200 ms)

========================================================================
Received Prepare
Registering precompiled user dll's ...
Registered in 0.000839 seconds.
Begin MonoManager ReloadAssembly
Native extension for WindowsStandalone target not found
Native extension for WebGL target not found
Refreshing native plugins compatible for Editor in 0.23 ms, found 0 plugins.
Preloading 0 native plugins for Editor in 0.00 ms.
Mono: successfully reloaded assembly
- Completed reload, in  0.802 seconds
Platform modules already initialized, skipping
Refreshing native plugins compatible for Editor in 0.31 ms, found 0 plugins.
Preloading 0 native plugins for Editor in 0.00 ms.
Unloading 1155 Unused Serialized files (Serialized files now loaded: 0)
System memory in use before: 61.9 MB.
System memory in use after: 62.0 MB.

Unloading 5 unused Assets to reduce memory usage. Loaded Objects now: 1629.
Total: 1.944500 ms (FindLiveObjects: 0.165500 ms CreateObjectMapping: 0.035200 ms MarkObjects: 1.677800 ms  DeleteObjects: 0.065000 ms)

========================================================================
Received Prepare
Registering precompiled user dll's ...
Registered in 0.001128 seconds.
Begin MonoManager ReloadAssembly
Native extension for WindowsStandalone target not found
Native extension for WebGL target not found
Refreshing native plugins compatible for Editor in 0.31 ms, found 0 plugins.
Preloading 0 native plugins for Editor in 0.00 ms.
Mono: successfully reloaded assembly
- Completed reload, in  0.878 seconds
Platform modules already initialized, skipping
Refreshing native plugins compatible for Editor in 0.29 ms, found 0 plugins.
Preloading 0 native plugins for Editor in 0.00 ms.
Unloading 1155 Unused Serialized files (Serialized files now loaded: 0)
System memory in use before: 61.9 MB.
System memory in use after: 62.0 MB.

Unloading 5 unused Assets to reduce memory usage. Loaded Objects now: 1632.
Total: 2.356800 ms (FindLiveObjects: 0.233200 ms CreateObjectMapping: 0.041600 ms MarkObjects: 2.026800 ms  DeleteObjects: 0.053600 ms)

========================================================================
Received Prepare
Registering precompiled user dll's ...
Registered in 0.000858 seconds.
Begin MonoManager ReloadAssembly
Native extension for WindowsStandalone target not found
Native extension for WebGL target not found
Refreshing native plugins compatible for Editor in 0.41 ms, found 0 plugins.
Preloading 0 native plugins for Editor in 0.00 ms.
Mono: successfully reloaded assembly
- Completed reload, in  0.810 seconds
Platform modules already initialized, skipping
Refreshing native plugins compatible for Editor in 0.33 ms, found 0 plugins.
Preloading 0 native plugins for Editor in 0.00 ms.
Unloading 1155 Unused Serialized files (Serialized files now loaded: 0)
System memory in use before: 61.9 MB.
System memory in use after: 62.0 MB.

Unloading 5 unused Assets to reduce memory usage. Loaded Objects now: 1635.
Total: 1.711700 ms (FindLiveObjects: 0.144300 ms CreateObjectMapping: 0.049400 ms MarkObjects: 1.467300 ms  DeleteObjects: 0.049600 ms)

========================================================================
Received Prepare
Registering precompiled user dll's ...
Registered in 0.000871 seconds.
Begin MonoManager ReloadAssembly
Native extension for WindowsStandalone target not found
Native extension for WebGL target not found
Refreshing native plugins compatible for Editor in 0.25 ms, found 0 plugins.
Preloading 0 native plugins for Editor in 0.00 ms.
Mono: successfully reloaded assembly
- Completed reload, in  0.923 seconds
Platform modules already initialized, skipping
Refreshing native plugins compatible for Editor in 0.23 ms, found 0 plugins.
Preloading 0 native plugins for Editor in 0.00 ms.
Unloading 1155 Unused Serialized files (Serialized files now loaded: 0)
System memory in use before: 61.9 MB.
System memory in use after: 62.0 MB.

Unloading 5 unused Assets to reduce memory usage. Loaded Objects now: 1638.
Total: 1.869400 ms (FindLiveObjects: 0.117200 ms CreateObjectMapping: 0.033000 ms MarkObjects: 1.643500 ms  DeleteObjects: 0.075000 ms)

========================================================================
Received Prepare
Registering precompiled user dll's ...
Registered in 0.001237 seconds.
Begin MonoManager ReloadAssembly
Native extension for WindowsStandalone target not found
Native extension for WebGL target not found
Refreshing native plugins compatible for Editor in 0.26 ms, found 0 plugins.
Preloading 0 native plugins for Editor in 0.00 ms.
Mono: successfully reloaded assembly
- Completed reload, in  1.142 seconds
Platform modules already initialized, skipping
Refreshing native plugins compatible for Editor in 0.27 ms, found 0 plugins.
Preloading 0 native plugins for Editor in 0.00 ms.
Unloading 1155 Unused Serialized files (Serialized files now loaded: 0)
System memory in use before: 61.9 MB.
System memory in use after: 61.9 MB.

Unloading 5 unused Assets to reduce memory usage. Loaded Objects now: 1641.
Total: 2.354500 ms (FindLiveObjects: 0.181300 ms CreateObjectMapping: 0.051900 ms MarkObjects: 2.047600 ms  DeleteObjects: 0.072400 ms)

========================================================================
Received Prepare
Registering precompiled user dll's ...
Registered in 0.001459 seconds.
Begin MonoManager ReloadAssembly
Native extension for WindowsStandalone target not found
Native extension for WebGL target not found
Refreshing native plugins compatible for Editor in 0.28 ms, found 0 plugins.
Preloading 0 native plugins for Editor in 0.00 ms.
Mono: successfully reloaded assembly
- Completed reload, in  1.347 seconds
Platform modules already initialized, skipping
Refreshing native plugins compatible for Editor in 0.31 ms, found 0 plugins.
Preloading 0 native plugins for Editor in 0.00 ms.
Unloading 1155 Unused Serialized files (Serialized files now loaded: 0)
System memory in use before: 61.9 MB.
System memory in use after: 61.9 MB.

Unloading 5 unused Assets to reduce memory usage. Loaded Objects now: 1644.
Total: 2.472300 ms (FindLiveObjects: 0.192000 ms CreateObjectMapping: 0.055500 ms MarkObjects: 2.159200 ms  DeleteObjects: 0.064200 ms)

========================================================================
Received Prepare
Registering precompiled user dll's ...
Registered in 0.001214 seconds.
Begin MonoManager ReloadAssembly
Native extension for WindowsStandalone target not found
Native extension for WebGL target not found
Refreshing native plugins compatible for Editor in 0.31 ms, found 0 plugins.
Preloading 0 native plugins for Editor in 0.00 ms.
Mono: successfully reloaded assembly
- Completed reload, in  1.229 seconds
Platform modules already initialized, skipping
Refreshing native plugins compatible for Editor in 0.34 ms, found 0 plugins.
Preloading 0 native plugins for Editor in 0.00 ms.
Unloading 1155 Unused Serialized files (Serialized files now loaded: 0)
System memory in use before: 61.9 MB.
System memory in use after: 62.0 MB.

Unloading 5 unused Assets to reduce memory usage. Loaded Objects now: 1647.
Total: 2.292900 ms (FindLiveObjects: 0.273700 ms CreateObjectMapping: 0.073700 ms MarkObjects: 1.880200 ms  DeleteObjects: 0.062400 ms)

========================================================================
Received Prepare
Registering precompiled user dll's ...
Registered in 0.000963 seconds.
Begin MonoManager ReloadAssembly
Native extension for WindowsStandalone target not found
Native extension for WebGL target not found
Refreshing native plugins compatible for Editor in 0.67 ms, found 0 plugins.
Preloading 0 native plugins for Editor in 0.00 ms.
Mono: successfully reloaded assembly
- Completed reload, in  1.557 seconds
Platform modules already initialized, skipping
Refreshing native plugins compatible for Editor in 0.52 ms, found 0 plugins.
Preloading 0 native plugins for Editor in 0.00 ms.
Unloading 1155 Unused Serialized files (Serialized files now loaded: 0)
System memory in use before: 61.9 MB.
System memory in use after: 62.0 MB.

Unloading 5 unused Assets to reduce memory usage. Loaded Objects now: 1650.
Total: 3.951800 ms (FindLiveObjects: 0.624700 ms CreateObjectMapping: 0.193700 ms MarkObjects: 3.067000 ms  DeleteObjects: 0.064400 ms)

