Using pre-set license
Built from '2020.3/staging' branch; Version is '2020.3.8f1 (507919d4fff5) revision 5273881'; Using compiler version '192528614'; Build Type 'Release'
OS: 'Windows 10 Home; OS build 19044.1889; Version 2009; 64bit' Language: 'en' Physical Memory: 16328 MB
BatchMode: 1, IsHumanControllingUs: 0, StartBugReporterOnCrash: 0, Is64bit: 1, IsPro: 0

 COMMAND LINE ARGUMENTS:
C:\Program Files\Unity\Hub\Editor\2020.3.8f1\Editor\Unity.exe
-adb2
-batchMode
-noUpm
-name
AssetImportWorker1
-projectPath
C:/Users/zackr/Documents/GameDev/GravitationalWaveSurfer
-logFile
Logs/AssetImportWorker1.log
-srvPort
60079
Successfully changed project path to: C:/Users/zackr/Documents/GameDev/GravitationalWaveSurfer
C:/Users/zackr/Documents/GameDev/GravitationalWaveSurfer
Using Asset Import Pipeline V2.
Refreshing native plugins compatible for Editor in 32.02 ms, found 0 plugins.
Preloading 0 native plugins for Editor in 0.00 ms.
Initialize engine version: 2020.3.8f1 (507919d4fff5)
[Subsystems] Discovering subsystems at path C:/Program Files/Unity/Hub/Editor/2020.3.8f1/Editor/Data/Resources/UnitySubsystems
[Subsystems] Discovering subsystems at path C:/Users/zackr/Documents/GameDev/GravitationalWaveSurfer/Assets
GfxDevice: creating device client; threaded=0
Direct3D:
    Version:  Direct3D 11.0 [level 11.1]
    Renderer: NVIDIA GeForce RTX 3070 (ID=0x2488)
    Vendor:   
    VRAM:     8043 MB
    Driver:   30.0.14.7141
Shader 'Universal Render Pipeline/Particles/Lit': fallback shader 'Universal Render Pipeline/Particles/SimpleLit' not found
Initialize mono
Mono path[0] = 'C:/Program Files/Unity/Hub/Editor/2020.3.8f1/Editor/Data/Managed'
Mono path[1] = 'C:/Program Files/Unity/Hub/Editor/2020.3.8f1/Editor/Data/MonoBleedingEdge/lib/mono/unityjit'
Mono config path = 'C:/Program Files/Unity/Hub/Editor/2020.3.8f1/Editor/Data/MonoBleedingEdge/etc'
Using monoOptions --debugger-agent=transport=dt_socket,embedding=1,server=y,suspend=n,address=127.0.0.1:56848
Begin MonoManager ReloadAssembly
Registering precompiled unity dll's ...
Register platform support module: C:/Program Files/Unity/Hub/Editor/2020.3.8f1/Editor/Data/PlaybackEngines/WindowsStandaloneSupport/UnityEditor.WindowsStandalone.Extensions.dll
Registered in 0.001595 seconds.
Native extension for WindowsStandalone target not found
Refreshing native plugins compatible for Editor in 33.68 ms, found 0 plugins.
Preloading 0 native plugins for Editor in 0.00 ms.
Mono: successfully reloaded assembly
- Completed reload, in  0.786 seconds
Platform modules already initialized, skipping
Registering precompiled user dll's ...
Registered in 0.001027 seconds.
Begin MonoManager ReloadAssembly
Native extension for WindowsStandalone target not found
Refreshing native plugins compatible for Editor in 33.72 ms, found 0 plugins.
Preloading 0 native plugins for Editor in 0.00 ms.
Mono: successfully reloaded assembly
- Completed reload, in  0.612 seconds
Platform modules already initialized, skipping
========================================================================
Worker process is ready to serve import requests
Shader 'Universal Render Pipeline/Particles/Lit': fallback shader 'Universal Render Pipeline/Particles/SimpleLit' not found
Launched and connected shader compiler UnityShaderCompiler.exe after 0.03 seconds
Refreshing native plugins compatible for Editor in 0.44 ms, found 0 plugins.
Preloading 0 native plugins for Editor in 0.00 ms.
Unloading 2455 Unused Serialized files (Serialized files now loaded: 0)
System memory in use before: 133.7 MB.
System memory in use after: 133.9 MB.

Unloading 10 unused Assets to reduce memory usage. Loaded Objects now: 2923.
Total: 1.948600 ms (FindLiveObjects: 0.211100 ms CreateObjectMapping: 0.078100 ms MarkObjects: 1.594300 ms  DeleteObjects: 0.064300 ms)

========================================================================
Received Import Request.
  path: Assets/Prefabs/Particles/Proton.prefab
  artifactKey: Guid(d20f938cf99fa114ab6dca64c0b9e354) Importer(815301076,1909f56bfc062723c751e8b465ee728b)
Start importing Assets/Prefabs/Particles/Proton.prefab using Guid(d20f938cf99fa114ab6dca64c0b9e354) Importer(815301076,1909f56bfc062723c751e8b465ee728b)  -> (artifact id: '944282f315a735f2856e44c8f8f3a036') in 0.066624 seconds
  Import took 0.069913 seconds .

========================================================================
Received Import Request.
  Time since last request: 3.227239 seconds.
  path: Assets/Prefabs/Particles/Electron.prefab
  artifactKey: Guid(47d9b0e25c1657a4f884f6aa66b867d0) Importer(815301076,1909f56bfc062723c751e8b465ee728b)
Start importing Assets/Prefabs/Particles/Electron.prefab using Guid(47d9b0e25c1657a4f884f6aa66b867d0) Importer(815301076,1909f56bfc062723c751e8b465ee728b)  -> (artifact id: 'adf4f9b9c861d9ad6cf76a75d5ec6993') in 0.008864 seconds
  Import took 0.012046 seconds .

========================================================================
Received Import Request.
  Time since last request: 2.830925 seconds.
  path: Assets/Prefabs/Particles/Electron.prefab
  artifactKey: Guid(47d9b0e25c1657a4f884f6aa66b867d0) Importer(815301076,1909f56bfc062723c751e8b465ee728b)
Start importing Assets/Prefabs/Particles/Electron.prefab using Guid(47d9b0e25c1657a4f884f6aa66b867d0) Importer(815301076,1909f56bfc062723c751e8b465ee728b)  -> (artifact id: 'dd8d046e21b6ee64131d5bbc940cf1bf') in 0.005683 seconds
  Import took 0.008794 seconds .

========================================================================
Received Import Request.
  Time since last request: 6.427000 seconds.
  path: Assets/Prefabs/Particles/Neutron.prefab
  artifactKey: Guid(769a453e77d9c5f4aafddc4bee775473) Importer(815301076,1909f56bfc062723c751e8b465ee728b)
Start importing Assets/Prefabs/Particles/Neutron.prefab using Guid(769a453e77d9c5f4aafddc4bee775473) Importer(815301076,1909f56bfc062723c751e8b465ee728b)  -> (artifact id: '7eee64134f1960b45b68ebef6403edb2') in 0.008660 seconds
  Import took 0.011893 seconds .

========================================================================
Received Import Request.
  Time since last request: 2.430253 seconds.
  path: Assets/Prefabs/Particles/Neutron.prefab
  artifactKey: Guid(769a453e77d9c5f4aafddc4bee775473) Importer(815301076,1909f56bfc062723c751e8b465ee728b)
Start importing Assets/Prefabs/Particles/Neutron.prefab using Guid(769a453e77d9c5f4aafddc4bee775473) Importer(815301076,1909f56bfc062723c751e8b465ee728b)  -> (artifact id: 'ad76fa1ba5f3983caca80ae884f73c1f') in 0.005731 seconds
  Import took 0.009028 seconds .

========================================================================
Received Import Request.
  Time since last request: 6.289730 seconds.
  path: Assets/Prefabs/Particles/Proton.prefab
  artifactKey: Guid(d20f938cf99fa114ab6dca64c0b9e354) Importer(815301076,1909f56bfc062723c751e8b465ee728b)
Start importing Assets/Prefabs/Particles/Proton.prefab using Guid(d20f938cf99fa114ab6dca64c0b9e354) Importer(815301076,1909f56bfc062723c751e8b465ee728b)  -> (artifact id: '2797b086cae85daa34f78ab29380c957') in 0.006315 seconds
  Import took 0.009356 seconds .

========================================================================
Received Prepare
Registering precompiled user dll's ...
Registered in 0.001097 seconds.
Begin MonoManager ReloadAssembly
Native extension for WindowsStandalone target not found
Refreshing native plugins compatible for Editor in 0.46 ms, found 0 plugins.
Preloading 0 native plugins for Editor in 0.00 ms.
Mono: successfully reloaded assembly
- Completed reload, in  0.548 seconds
Platform modules already initialized, skipping
Shader 'Universal Render Pipeline/Particles/Lit': fallback shader 'Universal Render Pipeline/Particles/SimpleLit' not found
Refreshing native plugins compatible for Editor in 0.47 ms, found 0 plugins.
Preloading 0 native plugins for Editor in 0.00 ms.
Unloading 2382 Unused Serialized files (Serialized files now loaded: 0)
System memory in use before: 130.1 MB.
System memory in use after: 130.3 MB.

Unloading 6 unused Assets to reduce memory usage. Loaded Objects now: 2933.
Total: 1.924400 ms (FindLiveObjects: 0.173800 ms CreateObjectMapping: 0.064100 ms MarkObjects: 1.632200 ms  DeleteObjects: 0.053500 ms)

========================================================================
Received Import Request.
  Time since last request: 151.940905 seconds.
  path: Assets/Prefabs/Player.prefab
  artifactKey: Guid(12e02df8206c4d64881177f30f5617ec) Importer(815301076,1909f56bfc062723c751e8b465ee728b)
Start importing Assets/Prefabs/Player.prefab using Guid(12e02df8206c4d64881177f30f5617ec) Importer(815301076,1909f56bfc062723c751e8b465ee728b)  -> (artifact id: 'efffe08b7918e43de1b8a3c8b7633693') in 0.048452 seconds
  Import took 0.052032 seconds .

========================================================================
Received Prepare
Registering precompiled user dll's ...
Registered in 0.001025 seconds.
Begin MonoManager ReloadAssembly
Native extension for WindowsStandalone target not found
Refreshing native plugins compatible for Editor in 0.45 ms, found 0 plugins.
Preloading 0 native plugins for Editor in 0.00 ms.
Mono: successfully reloaded assembly
- Completed reload, in  0.532 seconds
Platform modules already initialized, skipping
Shader 'Universal Render Pipeline/Particles/Lit': fallback shader 'Universal Render Pipeline/Particles/SimpleLit' not found
Refreshing native plugins compatible for Editor in 0.45 ms, found 0 plugins.
Preloading 0 native plugins for Editor in 0.00 ms.
Unloading 2382 Unused Serialized files (Serialized files now loaded: 0)
System memory in use before: 130.2 MB.
System memory in use after: 130.4 MB.

Unloading 6 unused Assets to reduce memory usage. Loaded Objects now: 2937.
Total: 1.905300 ms (FindLiveObjects: 0.196100 ms CreateObjectMapping: 0.073900 ms MarkObjects: 1.583100 ms  DeleteObjects: 0.051500 ms)

========================================================================
Received Prepare
Registering precompiled user dll's ...
Registered in 0.000951 seconds.
Begin MonoManager ReloadAssembly
Native extension for WindowsStandalone target not found
Refreshing native plugins compatible for Editor in 0.45 ms, found 0 plugins.
Preloading 0 native plugins for Editor in 0.00 ms.
Mono: successfully reloaded assembly
- Completed reload, in  0.530 seconds
Platform modules already initialized, skipping
Shader 'Universal Render Pipeline/Particles/Lit': fallback shader 'Universal Render Pipeline/Particles/SimpleLit' not found
Refreshing native plugins compatible for Editor in 0.45 ms, found 0 plugins.
Preloading 0 native plugins for Editor in 0.00 ms.
Unloading 2382 Unused Serialized files (Serialized files now loaded: 0)
System memory in use before: 130.2 MB.
System memory in use after: 130.4 MB.

Unloading 6 unused Assets to reduce memory usage. Loaded Objects now: 2940.
Total: 1.781700 ms (FindLiveObjects: 0.189400 ms CreateObjectMapping: 0.059700 ms MarkObjects: 1.473900 ms  DeleteObjects: 0.057900 ms)

========================================================================
Received Import Request.
  Time since last request: 406.418973 seconds.
  path: Assets/Prefabs/PlayerParticleEffect.prefab
  artifactKey: Guid(160a0af342a715741a6d5b94c5177c16) Importer(815301076,1909f56bfc062723c751e8b465ee728b)
Start importing Assets/Prefabs/PlayerParticleEffect.prefab using Guid(160a0af342a715741a6d5b94c5177c16) Importer(815301076,1909f56bfc062723c751e8b465ee728b)  -> (artifact id: 'f8407c75d15507298ff233e80ccba9c9') in 0.030312 seconds
  Import took 0.033757 seconds .

========================================================================
Received Import Request.
  Time since last request: 0.027388 seconds.
  path: Assets/Prefabs/PlayerParticleEffect.prefab
  artifactKey: Guid(160a0af342a715741a6d5b94c5177c16) Importer(815301076,1909f56bfc062723c751e8b465ee728b)
Start importing Assets/Prefabs/PlayerParticleEffect.prefab using Guid(160a0af342a715741a6d5b94c5177c16) Importer(815301076,1909f56bfc062723c751e8b465ee728b)  -> (artifact id: 'f8407c75d15507298ff233e80ccba9c9') in 0.002875 seconds
  Import took 0.005497 seconds .

========================================================================
Received Prepare
Registering precompiled user dll's ...
Registered in 0.000947 seconds.
Begin MonoManager ReloadAssembly
Native extension for WindowsStandalone target not found
Refreshing native plugins compatible for Editor in 0.46 ms, found 0 plugins.
Preloading 0 native plugins for Editor in 0.00 ms.
Mono: successfully reloaded assembly
- Completed reload, in  0.540 seconds
Platform modules already initialized, skipping
Shader 'Universal Render Pipeline/Particles/Lit': fallback shader 'Universal Render Pipeline/Particles/SimpleLit' not found
Refreshing native plugins compatible for Editor in 0.45 ms, found 0 plugins.
Preloading 0 native plugins for Editor in 0.00 ms.
Unloading 2382 Unused Serialized files (Serialized files now loaded: 0)
System memory in use before: 130.2 MB.
System memory in use after: 130.4 MB.

Unloading 6 unused Assets to reduce memory usage. Loaded Objects now: 2943.
Total: 1.933800 ms (FindLiveObjects: 0.199200 ms CreateObjectMapping: 0.077600 ms MarkObjects: 1.603000 ms  DeleteObjects: 0.053200 ms)

AssetImportWorkerClient::OnTransportError - code=2 error=End of file
