Using pre-set license
Built from '2020.3/staging' branch; Version is '2020.3.8f1 (507919d4fff5) revision 5273881'; Using compiler version '192528614'; Build Type 'Release'
OS: 'Windows 10 Home; OS build 19042.985; Version 2009; 64bit' Language: 'en' Physical Memory: 16226 MB
BatchMode: 1, IsHumanControllingUs: 0, StartBugReporterOnCrash: 0, Is64bit: 1, IsPro: 0

 COMMAND LINE ARGUMENTS:
E:\Editors\2020.3.8f1\Editor\Unity.exe
-adb2
-batchMode
-noUpm
-name
AssetImportWorker3
-projectPath
E:/GameDev/GravitationalWaveSurfer
-logFile
Logs/AssetImportWorker3.log
-srvPort
50359
Successfully changed project path to: E:/GameDev/GravitationalWaveSurfer
E:/GameDev/GravitationalWaveSurfer
Using Asset Import Pipeline V2.
Refreshing native plugins compatible for Editor in 31.80 ms, found 0 plugins.
Preloading 0 native plugins for Editor in 0.00 ms.
Initialize engine version: 2020.3.8f1 (507919d4fff5)
[Subsystems] Discovering subsystems at path E:/Editors/2020.3.8f1/Editor/Data/Resources/UnitySubsystems
[Subsystems] Discovering subsystems at path E:/GameDev/GravitationalWaveSurfer/Assets
GfxDevice: creating device client; threaded=0
Direct3D:
    Version:  Direct3D 11.0 [level 11.1]
    Renderer: NVIDIA GeForce MX150 (ID=0x1d12)
    Vendor:   
    VRAM:     1994 MB
    Driver:   23.21.13.8892
Initialize mono
Mono path[0] = 'E:/Editors/2020.3.8f1/Editor/Data/Managed'
Mono path[1] = 'E:/Editors/2020.3.8f1/Editor/Data/MonoBleedingEdge/lib/mono/unityjit'
Mono config path = 'E:/Editors/2020.3.8f1/Editor/Data/MonoBleedingEdge/etc'
Using monoOptions --debugger-agent=transport=dt_socket,embedding=1,server=y,suspend=n,address=127.0.0.1:56488
Begin MonoManager ReloadAssembly
Registering precompiled unity dll's ...
Register platform support module: E:/Editors/2020.3.8f1/Editor/Data/PlaybackEngines/WebGLSupport/UnityEditor.WebGL.Extensions.dll
Register platform support module: E:/Editors/2020.3.8f1/Editor/Data/PlaybackEngines/WindowsStandaloneSupport/UnityEditor.WindowsStandalone.Extensions.dll
Registered in 0.005957 seconds.
Native extension for WindowsStandalone target not found
Native extension for WebGL target not found
Refreshing native plugins compatible for Editor in 65.26 ms, found 0 plugins.
Preloading 0 native plugins for Editor in 0.00 ms.
Mono: successfully reloaded assembly
- Completed reload, in  4.830 seconds
Platform modules already initialized, skipping
Registering precompiled user dll's ...
Registered in 0.001185 seconds.
Begin MonoManager ReloadAssembly
Native extension for WindowsStandalone target not found
Native extension for WebGL target not found
Refreshing native plugins compatible for Editor in 0.32 ms, found 0 plugins.
Preloading 0 native plugins for Editor in 0.00 ms.
Mono: successfully reloaded assembly
- Completed reload, in  1.931 seconds
Platform modules already initialized, skipping
========================================================================
Worker process is ready to serve import requests
Launched and connected shader compiler UnityShaderCompiler.exe after 0.09 seconds
Refreshing native plugins compatible for Editor in 0.24 ms, found 0 plugins.
Preloading 0 native plugins for Editor in 0.00 ms.
Unloading 1157 Unused Serialized files (Serialized files now loaded: 0)
System memory in use before: 58.8 MB.
System memory in use after: 58.8 MB.

Unloading 10 unused Assets to reduce memory usage. Loaded Objects now: 1600.
Total: 2.126100 ms (FindLiveObjects: 0.159600 ms CreateObjectMapping: 0.037500 ms MarkObjects: 1.829800 ms  DeleteObjects: 0.098100 ms)

========================================================================
Received Import Request.
  path: ProjectSettings/TagManager.asset
  artifactKey: Guid(00000000000000003000000000000000) Importer(815301076,1909f56bfc062723c751e8b465ee728b)
Start importing ProjectSettings/TagManager.asset using Guid(00000000000000003000000000000000) Importer(815301076,1909f56bfc062723c751e8b465ee728b)  -> (artifact id: '9e5c93cf8a301f1a05987cf34ba9245f') in 0.080672 seconds
  Import took 0.082778 seconds .

========================================================================
Received Prepare
Refreshing native plugins compatible for Editor in 0.92 ms, found 0 plugins.
Preloading 0 native plugins for Editor in 0.00 ms.
Unloading 3 Unused Serialized files (Serialized files now loaded: 0)
System memory in use before: 35.8 MB.
System memory in use after: 35.9 MB.

Unloading 4 unused Assets to reduce memory usage. Loaded Objects now: 1600.
Total: 2.278300 ms (FindLiveObjects: 0.202600 ms CreateObjectMapping: 0.068100 ms MarkObjects: 1.943300 ms  DeleteObjects: 0.063200 ms)

========================================================================
Received Import Request.
  Time since last request: 20.754002 seconds.
  path: Assets/Prefabs/Positron.prefab
  artifactKey: Guid(3ef957e2a5371e2419370d6d1fde8b6d) Importer(815301076,1909f56bfc062723c751e8b465ee728b)
Start importing Assets/Prefabs/Positron.prefab using Guid(3ef957e2a5371e2419370d6d1fde8b6d) Importer(815301076,1909f56bfc062723c751e8b465ee728b)  -> (artifact id: 'f962ed0d0d43155f0be70b6522f254be') in 0.117790 seconds
  Import took 0.120995 seconds .

========================================================================
Received Import Request.
  Time since last request: 3.400559 seconds.
  path: Assets/Prefabs/Anti-Electron.prefab
  artifactKey: Guid(3ef957e2a5371e2419370d6d1fde8b6d) Importer(815301076,1909f56bfc062723c751e8b465ee728b)
Start importing Assets/Prefabs/Anti-Electron.prefab using Guid(3ef957e2a5371e2419370d6d1fde8b6d) Importer(815301076,1909f56bfc062723c751e8b465ee728b)  -> (artifact id: 'cdb191ef29e086e9518724dbe13ccbd0') in 0.019241 seconds
  Import took 0.022385 seconds .

========================================================================
Received Prepare
Registering precompiled user dll's ...
Registered in 0.001031 seconds.
Begin MonoManager ReloadAssembly
Native extension for WindowsStandalone target not found
Native extension for WebGL target not found
Refreshing native plugins compatible for Editor in 0.50 ms, found 0 plugins.
Preloading 0 native plugins for Editor in 0.00 ms.
Mono: successfully reloaded assembly
- Completed reload, in  0.973 seconds
Platform modules already initialized, skipping
Refreshing native plugins compatible for Editor in 0.26 ms, found 0 plugins.
Preloading 0 native plugins for Editor in 0.00 ms.
Unloading 1152 Unused Serialized files (Serialized files now loaded: 0)
System memory in use before: 61.9 MB.
System memory in use after: 61.9 MB.

Unloading 5 unused Assets to reduce memory usage. Loaded Objects now: 1610.
Total: 2.419100 ms (FindLiveObjects: 0.147700 ms CreateObjectMapping: 0.051100 ms MarkObjects: 2.138600 ms  DeleteObjects: 0.080400 ms)

========================================================================
Received Prepare
Registering precompiled user dll's ...
Registered in 0.001416 seconds.
Begin MonoManager ReloadAssembly
Native extension for WindowsStandalone target not found
Native extension for WebGL target not found
Refreshing native plugins compatible for Editor in 0.23 ms, found 0 plugins.
Preloading 0 native plugins for Editor in 0.00 ms.
Mono: successfully reloaded assembly
- Completed reload, in  1.028 seconds
Platform modules already initialized, skipping
Refreshing native plugins compatible for Editor in 0.39 ms, found 0 plugins.
Preloading 0 native plugins for Editor in 0.00 ms.
Unloading 1152 Unused Serialized files (Serialized files now loaded: 0)
System memory in use before: 61.9 MB.
System memory in use after: 61.9 MB.

Unloading 5 unused Assets to reduce memory usage. Loaded Objects now: 1613.
Total: 2.608900 ms (FindLiveObjects: 0.157700 ms CreateObjectMapping: 0.062100 ms MarkObjects: 2.284100 ms  DeleteObjects: 0.103600 ms)

========================================================================
Received Prepare
Registering precompiled user dll's ...
Registered in 0.001224 seconds.
Begin MonoManager ReloadAssembly
Native extension for WindowsStandalone target not found
Native extension for WebGL target not found
Refreshing native plugins compatible for Editor in 0.41 ms, found 0 plugins.
Preloading 0 native plugins for Editor in 0.00 ms.
Mono: successfully reloaded assembly
- Completed reload, in  1.503 seconds
Platform modules already initialized, skipping
Refreshing native plugins compatible for Editor in 0.26 ms, found 0 plugins.
Preloading 0 native plugins for Editor in 0.00 ms.
Unloading 1152 Unused Serialized files (Serialized files now loaded: 0)
System memory in use before: 61.9 MB.
System memory in use after: 62.0 MB.

Unloading 5 unused Assets to reduce memory usage. Loaded Objects now: 1616.
Total: 2.039900 ms (FindLiveObjects: 0.147500 ms CreateObjectMapping: 0.036300 ms MarkObjects: 1.777200 ms  DeleteObjects: 0.078000 ms)

========================================================================
Received Import Request.
  Time since last request: 397.718546 seconds.
  path: Assets/Prefabs/Electron.prefab
  artifactKey: Guid(47d9b0e25c1657a4f884f6aa66b867d0) Importer(815301076,1909f56bfc062723c751e8b465ee728b)
Start importing Assets/Prefabs/Electron.prefab using Guid(47d9b0e25c1657a4f884f6aa66b867d0) Importer(815301076,1909f56bfc062723c751e8b465ee728b)  -> (artifact id: '2f5847b0100872eee6c61e52626d4a0d') in 0.106519 seconds
  Import took 0.109478 seconds .

========================================================================
Received Import Request.
  Time since last request: 16.468638 seconds.
  path: Assets/Prefabs/Anti-Neutron.prefab
  artifactKey: Guid(9b4e533dafcd6dc4eb507a2aa70a120b) Importer(815301076,1909f56bfc062723c751e8b465ee728b)
Start importing Assets/Prefabs/Anti-Neutron.prefab using Guid(9b4e533dafcd6dc4eb507a2aa70a120b) Importer(815301076,1909f56bfc062723c751e8b465ee728b)  -> (artifact id: 'a40fdecf1472512a1ea21e8611ff51dd') in 0.018241 seconds
  Import took 0.021419 seconds .

========================================================================
Received Import Request.
  Time since last request: 7.713980 seconds.
  path: Assets/Prefabs/Neutron.prefab
  artifactKey: Guid(769a453e77d9c5f4aafddc4bee775473) Importer(815301076,1909f56bfc062723c751e8b465ee728b)
Start importing Assets/Prefabs/Neutron.prefab using Guid(769a453e77d9c5f4aafddc4bee775473) Importer(815301076,1909f56bfc062723c751e8b465ee728b)  -> (artifact id: '1cee35085a0e99e8913b1ad724133cf3') in 0.017703 seconds
  Import took 0.020986 seconds .

========================================================================
Received Import Request.
  Time since last request: 19.519708 seconds.
  path: Assets/Prefabs/Neutron.prefab
  artifactKey: Guid(769a453e77d9c5f4aafddc4bee775473) Importer(815301076,1909f56bfc062723c751e8b465ee728b)
Start importing Assets/Prefabs/Neutron.prefab using Guid(769a453e77d9c5f4aafddc4bee775473) Importer(815301076,1909f56bfc062723c751e8b465ee728b)  -> (artifact id: 'f3c48c8ef7066fd42ab636a0586c2bbc') in 0.013036 seconds
  Import took 0.015562 seconds .

========================================================================
Received Import Request.
  Time since last request: 30.854676 seconds.
  path: Assets/Prefabs/Anti-Proton.prefab
  artifactKey: Guid(d930b1967d1f5424fb00dd4f1bf23b6c) Importer(815301076,1909f56bfc062723c751e8b465ee728b)
Start importing Assets/Prefabs/Anti-Proton.prefab using Guid(d930b1967d1f5424fb00dd4f1bf23b6c) Importer(815301076,1909f56bfc062723c751e8b465ee728b)  -> (artifact id: 'f5ac1f273becf4d9884d156486ab118e') in 0.019126 seconds
  Import took 0.022714 seconds .

========================================================================
Received Import Request.
  Time since last request: 1.652648 seconds.
  path: Assets/Prefabs/Proton.prefab
  artifactKey: Guid(d20f938cf99fa114ab6dca64c0b9e354) Importer(815301076,1909f56bfc062723c751e8b465ee728b)
Start importing Assets/Prefabs/Proton.prefab using Guid(d20f938cf99fa114ab6dca64c0b9e354) Importer(815301076,1909f56bfc062723c751e8b465ee728b)  -> (artifact id: 'b20a91419a2b6b16a8da0a67ee5b743c') in 0.018594 seconds
  Import took 0.021825 seconds .

========================================================================
Received Prepare
Registering precompiled user dll's ...
Registered in 0.001211 seconds.
Begin MonoManager ReloadAssembly
Native extension for WindowsStandalone target not found
Native extension for WebGL target not found
Refreshing native plugins compatible for Editor in 0.27 ms, found 0 plugins.
Preloading 0 native plugins for Editor in 0.00 ms.
Mono: successfully reloaded assembly
- Completed reload, in  1.388 seconds
Platform modules already initialized, skipping
Refreshing native plugins compatible for Editor in 0.38 ms, found 0 plugins.
Preloading 0 native plugins for Editor in 0.00 ms.
Unloading 1152 Unused Serialized files (Serialized files now loaded: 0)
System memory in use before: 61.6 MB.
System memory in use after: 61.7 MB.

Unloading 5 unused Assets to reduce memory usage. Loaded Objects now: 1620.
Total: 2.030400 ms (FindLiveObjects: 0.155300 ms CreateObjectMapping: 0.038500 ms MarkObjects: 1.746900 ms  DeleteObjects: 0.088200 ms)

========================================================================
Received Prepare
Registering precompiled user dll's ...
Registered in 0.001423 seconds.
Begin MonoManager ReloadAssembly
Native extension for WindowsStandalone target not found
Native extension for WebGL target not found
Refreshing native plugins compatible for Editor in 0.27 ms, found 0 plugins.
Preloading 0 native plugins for Editor in 0.00 ms.
Mono: successfully reloaded assembly
- Completed reload, in  0.951 seconds
Platform modules already initialized, skipping
Refreshing native plugins compatible for Editor in 0.29 ms, found 0 plugins.
Preloading 0 native plugins for Editor in 0.00 ms.
Unloading 1152 Unused Serialized files (Serialized files now loaded: 0)
System memory in use before: 61.6 MB.
System memory in use after: 61.7 MB.

Unloading 5 unused Assets to reduce memory usage. Loaded Objects now: 1623.
Total: 1.978300 ms (FindLiveObjects: 0.157400 ms CreateObjectMapping: 0.045300 ms MarkObjects: 1.717100 ms  DeleteObjects: 0.057300 ms)

========================================================================
Received Prepare
Registering precompiled user dll's ...
Registered in 0.001058 seconds.
Begin MonoManager ReloadAssembly
Native extension for WindowsStandalone target not found
Native extension for WebGL target not found
Refreshing native plugins compatible for Editor in 0.23 ms, found 0 plugins.
Preloading 0 native plugins for Editor in 0.00 ms.
Mono: successfully reloaded assembly
- Completed reload, in  0.983 seconds
Platform modules already initialized, skipping
Refreshing native plugins compatible for Editor in 0.36 ms, found 0 plugins.
Preloading 0 native plugins for Editor in 0.00 ms.
Unloading 1152 Unused Serialized files (Serialized files now loaded: 0)
System memory in use before: 61.7 MB.
System memory in use after: 61.7 MB.

Unloading 5 unused Assets to reduce memory usage. Loaded Objects now: 1626.
Total: 2.150900 ms (FindLiveObjects: 0.134400 ms CreateObjectMapping: 0.035900 ms MarkObjects: 1.915700 ms  DeleteObjects: 0.063700 ms)

========================================================================
Received Prepare
Registering precompiled user dll's ...
Registered in 0.001033 seconds.
Begin MonoManager ReloadAssembly
Native extension for WindowsStandalone target not found
Native extension for WebGL target not found
Refreshing native plugins compatible for Editor in 0.39 ms, found 0 plugins.
Preloading 0 native plugins for Editor in 0.00 ms.
Mono: successfully reloaded assembly
- Completed reload, in  0.932 seconds
Platform modules already initialized, skipping
Refreshing native plugins compatible for Editor in 0.26 ms, found 0 plugins.
Preloading 0 native plugins for Editor in 0.00 ms.
Unloading 1152 Unused Serialized files (Serialized files now loaded: 0)
System memory in use before: 61.7 MB.
System memory in use after: 61.7 MB.

Unloading 5 unused Assets to reduce memory usage. Loaded Objects now: 1629.
Total: 2.663400 ms (FindLiveObjects: 0.190100 ms CreateObjectMapping: 0.030800 ms MarkObjects: 2.383500 ms  DeleteObjects: 0.057800 ms)

========================================================================
Received Prepare
Registering precompiled user dll's ...
Registered in 0.000988 seconds.
Begin MonoManager ReloadAssembly
Native extension for WindowsStandalone target not found
Native extension for WebGL target not found
Refreshing native plugins compatible for Editor in 0.24 ms, found 0 plugins.
Preloading 0 native plugins for Editor in 0.00 ms.
Mono: successfully reloaded assembly
- Completed reload, in  0.997 seconds
Platform modules already initialized, skipping
Refreshing native plugins compatible for Editor in 0.32 ms, found 0 plugins.
Preloading 0 native plugins for Editor in 0.00 ms.
Unloading 1152 Unused Serialized files (Serialized files now loaded: 0)
System memory in use before: 61.7 MB.
System memory in use after: 61.7 MB.

Unloading 5 unused Assets to reduce memory usage. Loaded Objects now: 1632.
Total: 1.994900 ms (FindLiveObjects: 0.143500 ms CreateObjectMapping: 0.040000 ms MarkObjects: 1.729100 ms  DeleteObjects: 0.081400 ms)

========================================================================
Received Prepare
Registering precompiled user dll's ...
Registered in 0.001018 seconds.
Begin MonoManager ReloadAssembly
Native extension for WindowsStandalone target not found
Native extension for WebGL target not found
Refreshing native plugins compatible for Editor in 0.32 ms, found 0 plugins.
Preloading 0 native plugins for Editor in 0.00 ms.
Mono: successfully reloaded assembly
- Completed reload, in  0.980 seconds
Platform modules already initialized, skipping
Refreshing native plugins compatible for Editor in 0.40 ms, found 0 plugins.
Preloading 0 native plugins for Editor in 0.00 ms.
Unloading 1152 Unused Serialized files (Serialized files now loaded: 0)
System memory in use before: 61.7 MB.
System memory in use after: 61.7 MB.

Unloading 5 unused Assets to reduce memory usage. Loaded Objects now: 1635.
Total: 2.397900 ms (FindLiveObjects: 0.194800 ms CreateObjectMapping: 0.040000 ms MarkObjects: 2.093700 ms  DeleteObjects: 0.068200 ms)

========================================================================
Received Prepare
Registering precompiled user dll's ...
Registered in 0.000999 seconds.
Begin MonoManager ReloadAssembly
Native extension for WindowsStandalone target not found
Native extension for WebGL target not found
Refreshing native plugins compatible for Editor in 0.49 ms, found 0 plugins.
Preloading 0 native plugins for Editor in 0.00 ms.
Mono: successfully reloaded assembly
- Completed reload, in  0.936 seconds
Platform modules already initialized, skipping
Refreshing native plugins compatible for Editor in 0.40 ms, found 0 plugins.
Preloading 0 native plugins for Editor in 0.00 ms.
Unloading 1152 Unused Serialized files (Serialized files now loaded: 0)
System memory in use before: 61.7 MB.
System memory in use after: 61.8 MB.

Unloading 5 unused Assets to reduce memory usage. Loaded Objects now: 1638.
Total: 2.240400 ms (FindLiveObjects: 0.169700 ms CreateObjectMapping: 0.038700 ms MarkObjects: 1.974800 ms  DeleteObjects: 0.055800 ms)

========================================================================
Received Prepare
Registering precompiled user dll's ...
Registered in 0.001499 seconds.
Begin MonoManager ReloadAssembly
Native extension for WindowsStandalone target not found
Native extension for WebGL target not found
Refreshing native plugins compatible for Editor in 0.22 ms, found 0 plugins.
Preloading 0 native plugins for Editor in 0.00 ms.
Mono: successfully reloaded assembly
- Completed reload, in  1.318 seconds
Platform modules already initialized, skipping
Refreshing native plugins compatible for Editor in 0.53 ms, found 0 plugins.
Preloading 0 native plugins for Editor in 0.00 ms.
Unloading 1152 Unused Serialized files (Serialized files now loaded: 0)
System memory in use before: 61.7 MB.
System memory in use after: 61.8 MB.

Unloading 5 unused Assets to reduce memory usage. Loaded Objects now: 1641.
Total: 2.324700 ms (FindLiveObjects: 0.183000 ms CreateObjectMapping: 0.047100 ms MarkObjects: 2.009100 ms  DeleteObjects: 0.084100 ms)

========================================================================
Received Prepare
Registering precompiled user dll's ...
Registered in 0.001354 seconds.
Begin MonoManager ReloadAssembly
Native extension for WindowsStandalone target not found
Native extension for WebGL target not found
Refreshing native plugins compatible for Editor in 0.22 ms, found 0 plugins.
Preloading 0 native plugins for Editor in 0.00 ms.
Mono: successfully reloaded assembly
- Completed reload, in  0.985 seconds
Platform modules already initialized, skipping
Refreshing native plugins compatible for Editor in 0.25 ms, found 0 plugins.
Preloading 0 native plugins for Editor in 0.00 ms.
Unloading 1152 Unused Serialized files (Serialized files now loaded: 0)
System memory in use before: 61.7 MB.
System memory in use after: 61.8 MB.

Unloading 5 unused Assets to reduce memory usage. Loaded Objects now: 1644.
Total: 1.949900 ms (FindLiveObjects: 0.136900 ms CreateObjectMapping: 0.030400 ms MarkObjects: 1.701900 ms  DeleteObjects: 0.079600 ms)

========================================================================
Received Prepare
Registering precompiled user dll's ...
Registered in 0.001069 seconds.
Begin MonoManager ReloadAssembly
Native extension for WindowsStandalone target not found
Native extension for WebGL target not found
Refreshing native plugins compatible for Editor in 0.31 ms, found 0 plugins.
Preloading 0 native plugins for Editor in 0.00 ms.
Mono: successfully reloaded assembly
- Completed reload, in  0.855 seconds
Platform modules already initialized, skipping
Refreshing native plugins compatible for Editor in 0.39 ms, found 0 plugins.
Preloading 0 native plugins for Editor in 0.00 ms.
Unloading 1152 Unused Serialized files (Serialized files now loaded: 0)
System memory in use before: 61.7 MB.
System memory in use after: 61.8 MB.

Unloading 5 unused Assets to reduce memory usage. Loaded Objects now: 1647.
Total: 3.449500 ms (FindLiveObjects: 0.246300 ms CreateObjectMapping: 0.055400 ms MarkObjects: 3.068300 ms  DeleteObjects: 0.077800 ms)

========================================================================
Received Prepare
Registering precompiled user dll's ...
Registered in 0.001631 seconds.
Begin MonoManager ReloadAssembly
Native extension for WindowsStandalone target not found
Native extension for WebGL target not found
Refreshing native plugins compatible for Editor in 0.34 ms, found 0 plugins.
Preloading 0 native plugins for Editor in 0.00 ms.
Mono: successfully reloaded assembly
- Completed reload, in  1.014 seconds
Platform modules already initialized, skipping
Refreshing native plugins compatible for Editor in 0.34 ms, found 0 plugins.
Preloading 0 native plugins for Editor in 0.00 ms.
Unloading 1152 Unused Serialized files (Serialized files now loaded: 0)
System memory in use before: 61.7 MB.
System memory in use after: 61.8 MB.

Unloading 5 unused Assets to reduce memory usage. Loaded Objects now: 1650.
Total: 2.011000 ms (FindLiveObjects: 0.156900 ms CreateObjectMapping: 0.033400 ms MarkObjects: 1.742800 ms  DeleteObjects: 0.076900 ms)

========================================================================
Received Prepare
Registering precompiled user dll's ...
Registered in 0.001177 seconds.
Begin MonoManager ReloadAssembly
Native extension for WindowsStandalone target not found
Native extension for WebGL target not found
Refreshing native plugins compatible for Editor in 0.27 ms, found 0 plugins.
Preloading 0 native plugins for Editor in 0.00 ms.
Mono: successfully reloaded assembly
- Completed reload, in  0.982 seconds
Platform modules already initialized, skipping
Refreshing native plugins compatible for Editor in 0.26 ms, found 0 plugins.
Preloading 0 native plugins for Editor in 0.00 ms.
Unloading 1152 Unused Serialized files (Serialized files now loaded: 0)
System memory in use before: 61.7 MB.
System memory in use after: 61.8 MB.

Unloading 5 unused Assets to reduce memory usage. Loaded Objects now: 1653.
Total: 2.323900 ms (FindLiveObjects: 0.199100 ms CreateObjectMapping: 0.034700 ms MarkObjects: 2.001800 ms  DeleteObjects: 0.087300 ms)

========================================================================
Received Prepare
Registering precompiled user dll's ...
Registered in 0.000835 seconds.
Begin MonoManager ReloadAssembly
Native extension for WindowsStandalone target not found
Native extension for WebGL target not found
Refreshing native plugins compatible for Editor in 0.40 ms, found 0 plugins.
Preloading 0 native plugins for Editor in 0.00 ms.
Mono: successfully reloaded assembly
- Completed reload, in  1.252 seconds
Platform modules already initialized, skipping
Refreshing native plugins compatible for Editor in 0.25 ms, found 0 plugins.
Preloading 0 native plugins for Editor in 0.00 ms.
Unloading 1152 Unused Serialized files (Serialized files now loaded: 0)
System memory in use before: 61.7 MB.
System memory in use after: 61.8 MB.

Unloading 5 unused Assets to reduce memory usage. Loaded Objects now: 1656.
Total: 2.026400 ms (FindLiveObjects: 0.159300 ms CreateObjectMapping: 0.042700 ms MarkObjects: 1.764100 ms  DeleteObjects: 0.059200 ms)

========================================================================
Received Prepare
Registering precompiled user dll's ...
Registered in 0.001019 seconds.
Begin MonoManager ReloadAssembly
Native extension for WindowsStandalone target not found
Native extension for WebGL target not found
Refreshing native plugins compatible for Editor in 0.26 ms, found 0 plugins.
Preloading 0 native plugins for Editor in 0.00 ms.
Mono: successfully reloaded assembly
- Completed reload, in  0.926 seconds
Platform modules already initialized, skipping
Refreshing native plugins compatible for Editor in 0.39 ms, found 0 plugins.
Preloading 0 native plugins for Editor in 0.00 ms.
Unloading 1152 Unused Serialized files (Serialized files now loaded: 0)
System memory in use before: 61.7 MB.
System memory in use after: 61.8 MB.

Unloading 5 unused Assets to reduce memory usage. Loaded Objects now: 1659.
Total: 2.911300 ms (FindLiveObjects: 0.388500 ms CreateObjectMapping: 0.169400 ms MarkObjects: 2.267200 ms  DeleteObjects: 0.083900 ms)

========================================================================
Received Prepare
Registering precompiled user dll's ...
Registered in 0.001112 seconds.
Begin MonoManager ReloadAssembly
Native extension for WindowsStandalone target not found
Native extension for WebGL target not found
Refreshing native plugins compatible for Editor in 0.25 ms, found 0 plugins.
Preloading 0 native plugins for Editor in 0.00 ms.
Mono: successfully reloaded assembly
- Completed reload, in  0.872 seconds
Platform modules already initialized, skipping
Refreshing native plugins compatible for Editor in 0.28 ms, found 0 plugins.
Preloading 0 native plugins for Editor in 0.00 ms.
Unloading 1152 Unused Serialized files (Serialized files now loaded: 0)
System memory in use before: 61.7 MB.
System memory in use after: 61.8 MB.

Unloading 5 unused Assets to reduce memory usage. Loaded Objects now: 1662.
Total: 2.035300 ms (FindLiveObjects: 0.145700 ms CreateObjectMapping: 0.031500 ms MarkObjects: 1.779800 ms  DeleteObjects: 0.077200 ms)

========================================================================
Received Prepare
Registering precompiled user dll's ...
Registered in 0.000887 seconds.
Begin MonoManager ReloadAssembly
Native extension for WindowsStandalone target not found
Native extension for WebGL target not found
Refreshing native plugins compatible for Editor in 0.23 ms, found 0 plugins.
Preloading 0 native plugins for Editor in 0.00 ms.
Mono: successfully reloaded assembly
- Completed reload, in  1.011 seconds
Platform modules already initialized, skipping
Refreshing native plugins compatible for Editor in 0.25 ms, found 0 plugins.
Preloading 0 native plugins for Editor in 0.00 ms.
Unloading 1152 Unused Serialized files (Serialized files now loaded: 0)
System memory in use before: 61.7 MB.
System memory in use after: 61.8 MB.

Unloading 5 unused Assets to reduce memory usage. Loaded Objects now: 1665.
Total: 1.889400 ms (FindLiveObjects: 0.174200 ms CreateObjectMapping: 0.033500 ms MarkObjects: 1.611500 ms  DeleteObjects: 0.069000 ms)

========================================================================
Received Prepare
Registering precompiled user dll's ...
Registered in 0.001274 seconds.
Begin MonoManager ReloadAssembly
Native extension for WindowsStandalone target not found
Native extension for WebGL target not found
Refreshing native plugins compatible for Editor in 0.25 ms, found 0 plugins.
Preloading 0 native plugins for Editor in 0.00 ms.
Mono: successfully reloaded assembly
- Completed reload, in  0.947 seconds
Platform modules already initialized, skipping
Refreshing native plugins compatible for Editor in 0.25 ms, found 0 plugins.
Preloading 0 native plugins for Editor in 0.00 ms.
Unloading 1152 Unused Serialized files (Serialized files now loaded: 0)
System memory in use before: 61.7 MB.
System memory in use after: 61.8 MB.

Unloading 5 unused Assets to reduce memory usage. Loaded Objects now: 1668.
Total: 2.585200 ms (FindLiveObjects: 0.169300 ms CreateObjectMapping: 0.227300 ms MarkObjects: 2.106300 ms  DeleteObjects: 0.081100 ms)

========================================================================
Received Prepare
Registering precompiled user dll's ...
Registered in 0.001418 seconds.
Begin MonoManager ReloadAssembly
Native extension for WindowsStandalone target not found
Native extension for WebGL target not found
Refreshing native plugins compatible for Editor in 0.39 ms, found 0 plugins.
Preloading 0 native plugins for Editor in 0.00 ms.
Mono: successfully reloaded assembly
- Completed reload, in  1.024 seconds
Platform modules already initialized, skipping
Refreshing native plugins compatible for Editor in 0.30 ms, found 0 plugins.
Preloading 0 native plugins for Editor in 0.00 ms.
Unloading 1152 Unused Serialized files (Serialized files now loaded: 0)
System memory in use before: 61.7 MB.
System memory in use after: 61.8 MB.

Unloading 5 unused Assets to reduce memory usage. Loaded Objects now: 1671.
Total: 2.395100 ms (FindLiveObjects: 0.175500 ms CreateObjectMapping: 0.042300 ms MarkObjects: 2.110200 ms  DeleteObjects: 0.065800 ms)

========================================================================
Received Prepare
Registering precompiled user dll's ...
Registered in 0.001813 seconds.
Begin MonoManager ReloadAssembly
Native extension for WindowsStandalone target not found
Native extension for WebGL target not found
Refreshing native plugins compatible for Editor in 0.46 ms, found 0 plugins.
Preloading 0 native plugins for Editor in 0.00 ms.
Mono: successfully reloaded assembly
- Completed reload, in  1.457 seconds
Platform modules already initialized, skipping
Refreshing native plugins compatible for Editor in 0.30 ms, found 0 plugins.
Preloading 0 native plugins for Editor in 0.00 ms.
Unloading 1152 Unused Serialized files (Serialized files now loaded: 0)
System memory in use before: 61.7 MB.
System memory in use after: 61.8 MB.

Unloading 5 unused Assets to reduce memory usage. Loaded Objects now: 1674.
Total: 2.331000 ms (FindLiveObjects: 0.258900 ms CreateObjectMapping: 0.073300 ms MarkObjects: 1.895100 ms  DeleteObjects: 0.102100 ms)

========================================================================
Received Import Request.
  Time since last request: 1306.461505 seconds.
  path: ProjectSettings/TagManager.asset
  artifactKey: Guid(00000000000000003000000000000000) Importer(815301076,1909f56bfc062723c751e8b465ee728b)
Start importing ProjectSettings/TagManager.asset using Guid(00000000000000003000000000000000) Importer(815301076,1909f56bfc062723c751e8b465ee728b)  -> (artifact id: '1c7857faa8849a167846c5a54f70fa4b') in 0.035995 seconds
  Import took 0.039777 seconds .

========================================================================
Received Import Request.
  Time since last request: 15.651934 seconds.
  path: ProjectSettings/TagManager.asset
  artifactKey: Guid(00000000000000003000000000000000) Importer(815301076,1909f56bfc062723c751e8b465ee728b)
Start importing ProjectSettings/TagManager.asset using Guid(00000000000000003000000000000000) Importer(815301076,1909f56bfc062723c751e8b465ee728b)  -> (artifact id: '2e46bb5e739e207498dd41d492137bee') in 0.005910 seconds
  Import took 0.009327 seconds .

========================================================================
Received Prepare
Registering precompiled user dll's ...
Registered in 0.001341 seconds.
Begin MonoManager ReloadAssembly
Native extension for WindowsStandalone target not found
Native extension for WebGL target not found
Refreshing native plugins compatible for Editor in 0.44 ms, found 0 plugins.
Preloading 0 native plugins for Editor in 0.00 ms.
Mono: successfully reloaded assembly
- Completed reload, in  1.146 seconds
Platform modules already initialized, skipping
Refreshing native plugins compatible for Editor in 0.43 ms, found 0 plugins.
Preloading 0 native plugins for Editor in 0.00 ms.
Unloading 1152 Unused Serialized files (Serialized files now loaded: 0)
System memory in use before: 61.8 MB.
System memory in use after: 61.8 MB.

Unloading 7 unused Assets to reduce memory usage. Loaded Objects now: 1677.
Total: 3.783200 ms (FindLiveObjects: 0.273900 ms CreateObjectMapping: 0.079300 ms MarkObjects: 3.320900 ms  DeleteObjects: 0.107000 ms)

========================================================================
Received Prepare
Registering precompiled user dll's ...
Registered in 0.001210 seconds.
Begin MonoManager ReloadAssembly
Native extension for WindowsStandalone target not found
Native extension for WebGL target not found
Refreshing native plugins compatible for Editor in 0.53 ms, found 0 plugins.
Preloading 0 native plugins for Editor in 0.00 ms.
Mono: successfully reloaded assembly
- Completed reload, in  1.464 seconds
Platform modules already initialized, skipping
Refreshing native plugins compatible for Editor in 0.31 ms, found 0 plugins.
Preloading 0 native plugins for Editor in 0.00 ms.
Unloading 1152 Unused Serialized files (Serialized files now loaded: 0)
System memory in use before: 61.8 MB.
System memory in use after: 61.8 MB.

Unloading 5 unused Assets to reduce memory usage. Loaded Objects now: 1680.
Total: 2.090300 ms (FindLiveObjects: 0.189700 ms CreateObjectMapping: 0.045800 ms MarkObjects: 1.760700 ms  DeleteObjects: 0.092900 ms)

